<?xml version="1.0" encoding="UTF-8"?>
<testsuites>
	<testsuite tests="0" failures="0" time="0.000000" name="github.com/pingcap/ticdc/dm/chaos/cases" timestamp="2021-11-08T21:58:47+08:00">
		<properties>
			<property name="go.version" value="go1.16.4 darwin/amd64"></property>
		</properties>
	</testsuite>
	<testsuite tests="1" failures="0" time="0.120000" name="github.com/pingcap/ticdc/dm/checker" timestamp="2021-11-08T21:58:47+08:00">
		<properties>
			<property name="go.version" value="go1.16.4 darwin/amd64"></property>
		</properties>
		<testcase classname="github.com/pingcap/ticdc/dm/checker" name="TestChecker" time="0.120000"></testcase>
	</testsuite>
	<testsuite tests="0" failures="0" time="0.000000" name="github.com/pingcap/ticdc/dm/debug-tools/binlog-event-blackhole" timestamp="2021-11-08T21:58:47+08:00">
		<properties>
			<property name="go.version" value="go1.16.4 darwin/amd64"></property>
		</properties>
	</testsuite>
	<testsuite tests="1" failures="0" time="0.010000" name="github.com/pingcap/ticdc/dm/dm/common" timestamp="2021-11-08T21:58:47+08:00">
		<properties>
			<property name="go.version" value="go1.16.4 darwin/amd64"></property>
		</properties>
		<testcase classname="github.com/pingcap/ticdc/dm/dm/common" name="TestCommon" time="0.010000"></testcase>
	</testsuite>
	<testsuite tests="1" failures="0" time="0.150000" name="github.com/pingcap/ticdc/dm/dm/config" timestamp="2021-11-08T21:58:47+08:00">
		<properties>
			<property name="go.version" value="go1.16.4 darwin/amd64"></property>
		</properties>
		<testcase classname="github.com/pingcap/ticdc/dm/dm/config" name="TestConfig" time="0.150000"></testcase>
	</testsuite>
	<testsuite tests="0" failures="0" time="0.000000" name="github.com/pingcap/ticdc/dm/dm/ctl" timestamp="2021-11-08T21:58:47+08:00">
		<properties>
			<property name="go.version" value="go1.16.4 darwin/amd64"></property>
		</properties>
	</testsuite>
	<testsuite tests="0" failures="0" time="0.000000" name="github.com/pingcap/ticdc/dm/dm/ctl/common" timestamp="2021-11-08T21:58:47+08:00">
		<properties>
			<property name="go.version" value="go1.16.4 darwin/amd64"></property>
		</properties>
	</testsuite>
	<testsuite tests="1" failures="0" time="0.010000" name="github.com/pingcap/ticdc/dm/dm/ctl/master" timestamp="2021-11-08T21:58:47+08:00">
		<properties>
			<property name="go.version" value="go1.16.4 darwin/amd64"></property>
		</properties>
		<testcase classname="github.com/pingcap/ticdc/dm/dm/ctl/master" name="TestCtlMaster" time="0.010000"></testcase>
	</testsuite>
	<testsuite tests="1" failures="0" time="121.760000" name="github.com/pingcap/ticdc/dm/dm/master" timestamp="2021-11-08T21:58:47+08:00">
		<properties>
			<property name="go.version" value="go1.16.4 darwin/amd64"></property>
		</properties>
		<testcase classname="github.com/pingcap/ticdc/dm/dm/master" name="TestMaster" time="121.760000"></testcase>
	</testsuite>
	<testsuite tests="0" failures="0" time="0.000000" name="github.com/pingcap/ticdc/dm/dm/master/metrics" timestamp="2021-11-08T21:58:47+08:00">
		<properties>
			<property name="go.version" value="go1.16.4 darwin/amd64"></property>
		</properties>
	</testsuite>
	<testsuite tests="1" failures="0" time="30.170000" name="github.com/pingcap/ticdc/dm/dm/master/scheduler" timestamp="2021-11-08T21:58:47+08:00">
		<properties>
			<property name="go.version" value="go1.16.4 darwin/amd64"></property>
		</properties>
		<testcase classname="github.com/pingcap/ticdc/dm/dm/master/scheduler" name="TestScheduler" time="30.170000"></testcase>
	</testsuite>
	<testsuite tests="1" failures="0" time="102.240000" name="github.com/pingcap/ticdc/dm/dm/master/shardddl" timestamp="2021-11-08T21:58:47+08:00">
		<properties>
			<property name="go.version" value="go1.16.4 darwin/amd64"></property>
		</properties>
		<testcase classname="github.com/pingcap/ticdc/dm/dm/master/shardddl" name="TestShardDDL" time="102.240000"></testcase>
	</testsuite>
	<testsuite tests="1" failures="0" time="0.010000" name="github.com/pingcap/ticdc/dm/dm/master/workerrpc" timestamp="2021-11-08T21:58:47+08:00">
		<properties>
			<property name="go.version" value="go1.16.4 darwin/amd64"></property>
		</properties>
		<testcase classname="github.com/pingcap/ticdc/dm/dm/master/workerrpc" name="TestWorkerRPC" time="0.010000"></testcase>
	</testsuite>
	<testsuite tests="1" failures="0" time="3.800000" name="github.com/pingcap/ticdc/dm/dm/portal" timestamp="2021-11-08T21:58:47+08:00">
		<properties>
			<property name="go.version" value="go1.16.4 darwin/amd64"></property>
		</properties>
		<testcase classname="github.com/pingcap/ticdc/dm/dm/portal" name="TestSuite" time="3.800000"></testcase>
	</testsuite>
	<testsuite tests="0" failures="0" time="0.000000" name="github.com/pingcap/ticdc/dm/dm/portal/statik" timestamp="2021-11-08T21:58:47+08:00">
		<properties>
			<property name="go.version" value="go1.16.4 darwin/amd64"></property>
		</properties>
	</testsuite>
	<testsuite tests="1" failures="0" time="0.010000" name="github.com/pingcap/ticdc/dm/dm/unit" timestamp="2021-11-08T21:58:47+08:00">
		<properties>
			<property name="go.version" value="go1.16.4 darwin/amd64"></property>
		</properties>
		<testcase classname="github.com/pingcap/ticdc/dm/dm/unit" name="TestSuite" time="0.010000"></testcase>
	</testsuite>
	<testsuite tests="1" failures="1" time="-0.000000" name="github.com/pingcap/ticdc/dm/dm/worker" timestamp="2021-11-08T21:58:47+08:00">
		<properties>
			<property name="go.version" value="go1.16.4 darwin/amd64"></property>
		</properties>
		<testcase classname="github.com/pingcap/ticdc/dm/dm/worker" name="TestServer" time="-0.000000">
			<failure message="Failed" type="">=== RUN   TestServer&#xA;worker name is not given, we will set AdvertiseAddr 127.0.0.1:8262 as the worker name&#xA;==================&#xA;WARNING: DATA RACE&#xA;Write at 0x00c000955350 by goroutine 73:&#xA;  github.com/pingcap/ticdc/dm/dm/worker.(*realRelayHolder).run()&#xA;      /Users/mori/PingCAP/ticdc/dm/dm/worker/relay.go:139 +0x158&#xA;  github.com/pingcap/ticdc/dm/dm/worker.(*realRelayHolder).resumeRelay.func1()&#xA;      /Users/mori/PingCAP/ticdc/dm/dm/worker/relay.go:221 +0x8a&#xA;&#xA;Previous read at 0x00c000955350 by goroutine 72:&#xA;  github.com/pingcap/ticdc/dm/dm/worker.(*realRelayHolder).pauseRelay()&#xA;      /Users/mori/PingCAP/ticdc/dm/dm/worker/relay.go:201 +0x3d2&#xA;  github.com/pingcap/ticdc/dm/dm/worker.(*realRelayHolder).Operate()&#xA;      /Users/mori/PingCAP/ticdc/dm/dm/worker/relay.go:183 +0x2c5&#xA;  github.com/pingcap/ticdc/dm/dm/worker.(*realRelayHolder).Update()&#xA;      /Users/mori/PingCAP/ticdc/dm/dm/worker/relay.go:289 +0x1d4&#xA;  github.com/pingcap/ticdc/dm/dm/worker.(*testRelay).testUpdate()&#xA;      /Users/mori/PingCAP/ticdc/dm/dm/worker/relay_test.go:299 +0x51a&#xA;  github.com/pingcap/ticdc/dm/dm/worker.(*testRelay).testStart()&#xA;      /Users/mori/PingCAP/ticdc/dm/dm/worker/relay_test.go:201 +0x5ef&#xA;  github.com/pingcap/ticdc/dm/dm/worker.(*testRelay).TestRelay()&#xA;      /Users/mori/PingCAP/ticdc/dm/dm/worker/relay_test.go:161 +0x3a4&#xA;  runtime.call16()&#xA;      /usr/local/go/src/runtime/asm_amd64.s:550 +0x3d&#xA;  reflect.Value.Call()&#xA;      /usr/local/go/src/reflect/value.go:337 +0xd8&#xA;  github.com/pingcap/check.(*suiteRunner).forkTest.func1()&#xA;      /Users/mori/go/pkg/mod/github.com/pingcap/check@v0.0.0-20200212061837-5e12011dc712/check.go:850 +0xb3b&#xA;  github.com/pingcap/check.(*suiteRunner).forkCall.func1()&#xA;      /Users/mori/go/pkg/mod/github.com/pingcap/check@v0.0.0-20200212061837-5e12011dc712/check.go:739 +0x11d&#xA;&#xA;Goroutine 73 (running) created at:&#xA;  github.com/pingcap/ticdc/dm/dm/worker.(*realRelayHolder).resumeRelay()&#xA;      /Users/mori/PingCAP/ticdc/dm/dm/worker/relay.go:219 +0x36a&#xA;  github.com/pingcap/ticdc/dm/dm/worker.(*realRelayHolder).Operate()&#xA;      /Users/mori/PingCAP/ticdc/dm/dm/worker/relay.go:185 +0x23a&#xA;  github.com/pingcap/ticdc/dm/dm/worker.(*realRelayHolder).Update()&#xA;      /Users/mori/PingCAP/ticdc/dm/dm/worker/relay.go:299 +0x297&#xA;  github.com/pingcap/ticdc/dm/dm/worker.(*testRelay).testUpdate()&#xA;      /Users/mori/PingCAP/ticdc/dm/dm/worker/relay_test.go:289 +0x132&#xA;  github.com/pingcap/ticdc/dm/dm/worker.(*testRelay).testStart()&#xA;      /Users/mori/PingCAP/ticdc/dm/dm/worker/relay_test.go:201 +0x5ef&#xA;  github.com/pingcap/ticdc/dm/dm/worker.(*testRelay).TestRelay()&#xA;      /Users/mori/PingCAP/ticdc/dm/dm/worker/relay_test.go:161 +0x3a4&#xA;  runtime.call16()&#xA;      /usr/local/go/src/runtime/asm_amd64.s:550 +0x3d&#xA;  reflect.Value.Call()&#xA;      /usr/local/go/src/reflect/value.go:337 +0xd8&#xA;  github.com/pingcap/check.(*suiteRunner).forkTest.func1()&#xA;      /Users/mori/go/pkg/mod/github.com/pingcap/check@v0.0.0-20200212061837-5e12011dc712/check.go:850 +0xb3b&#xA;  github.com/pingcap/check.(*suiteRunner).forkCall.func1()&#xA;      /Users/mori/go/pkg/mod/github.com/pingcap/check@v0.0.0-20200212061837-5e12011dc712/check.go:739 +0x11d&#xA;&#xA;Goroutine 72 (running) created at:&#xA;  github.com/pingcap/check.(*suiteRunner).forkCall()&#xA;      /Users/mori/go/pkg/mod/github.com/pingcap/check@v0.0.0-20200212061837-5e12011dc712/check.go:734 +0x4cc&#xA;  github.com/pingcap/check.(*suiteRunner).forkTest()&#xA;      /Users/mori/go/pkg/mod/github.com/pingcap/check@v0.0.0-20200212061837-5e12011dc712/check.go:832 +0x1c4&#xA;  github.com/pingcap/check.(*suiteRunner).doRun()&#xA;      /Users/mori/go/pkg/mod/github.com/pingcap/check@v0.0.0-20200212061837-5e12011dc712/check.go:666 +0x144&#xA;  github.com/pingcap/check.(*suiteRunner).run()&#xA;      /Users/mori/go/pkg/mod/github.com/pingcap/check@v0.0.0-20200212061837-5e12011dc712/check.go:696 +0x144&#xA;  github.com/pingcap/check.Run()&#xA;      /Users/mori/go/pkg/mod/github.com/pingcap/check@v0.0.0-20200212061837-5e12011dc712/run.go:150 +0x5a&#xA;  github.com/pingcap/check.RunAll()&#xA;      /Users/mori/go/pkg/mod/github.com/pingcap/check@v0.0.0-20200212061837-5e12011dc712/run.go:113 +0xff6&#xA;  github.com/pingcap/check.TestingT()&#xA;      /Users/mori/go/pkg/mod/github.com/pingcap/check@v0.0.0-20200212061837-5e12011dc712/run.go:99 +0x756&#xA;  github.com/pingcap/ticdc/dm/dm/worker.TestServer()&#xA;      /Users/mori/PingCAP/ticdc/dm/dm/worker/server_test.go:56 +0x38&#xA;  testing.tRunner()&#xA;      /usr/local/go/src/testing/testing.go:1193 +0x202&#xA;==================&#xA;coverage: 7.0% of statements&#xA;panic: test timed out after 5m0s&#xA;&#xA;goroutine 213 [running]:&#xA;testing.(*M).startAlarm.func1()&#xA;&#x9;/usr/local/go/src/testing/testing.go:1700 +0x11f&#xA;created by time.goFunc&#xA;&#x9;/usr/local/go/src/time/sleep.go:180 +0x52&#xA;&#xA;goroutine 1 [chan receive, 5 minutes]:&#xA;testing.(*T).Run(0xc0008b5500, 0x9287b2b, 0xa, 0x93e12a0, 0x0)&#xA;&#x9;/usr/local/go/src/testing/testing.go:1239 +0x610&#xA;testing.runTests.func1(0xc0008b5500)&#xA;&#x9;/usr/local/go/src/testing/testing.go:1511 +0xa7&#xA;testing.tRunner(0xc0008b5500, 0xc000b5fc78)&#xA;&#x9;/usr/local/go/src/testing/testing.go:1193 +0x203&#xA;testing.runTests(0xc00012edc8, 0xc638a40, 0x1, 0x1, 0xc05a69b6d90e1000, 0x45e84a7004, 0xc6e6500, 0xc0001321a8)&#xA;&#x9;/usr/local/go/src/testing/testing.go:1509 +0x613&#xA;testing.(*M).Run(0xc000954e80, 0x0)&#xA;&#x9;/usr/local/go/src/testing/testing.go:1417 +0x3b4&#xA;main.main()&#xA;&#x9;_testmain.go:115 +0x357&#xA;&#xA;goroutine 308 [select, 5 minutes]:&#xA;github.com/pingcap/check.(*suiteRunner).doRun(0xc000ac8ab0, 0x0)&#xA;&#x9;/Users/mori/go/pkg/mod/github.com/pingcap/check@v0.0.0-20200212061837-5e12011dc712/check.go:667 +0x225&#xA;github.com/pingcap/check.(*suiteRunner).run(0xc000ac8ab0, 0xd13b518)&#xA;&#x9;/Users/mori/go/pkg/mod/github.com/pingcap/check@v0.0.0-20200212061837-5e12011dc712/check.go:696 +0x145&#xA;github.com/pingcap/check.Run(0x8f57100, 0xd13b518, 0xc000e5de50, 0xc000a73560)&#xA;&#x9;/Users/mori/go/pkg/mod/github.com/pingcap/check@v0.0.0-20200212061837-5e12011dc712/run.go:150 +0x5b&#xA;github.com/pingcap/check.RunAll(0xc000e5de50, 0x0)&#xA;&#x9;/Users/mori/go/pkg/mod/github.com/pingcap/check@v0.0.0-20200212061837-5e12011dc712/run.go:113 +0xff7&#xA;github.com/pingcap/check.TestingT(0xc0008b5680)&#xA;&#x9;/Users/mori/go/pkg/mod/github.com/pingcap/check@v0.0.0-20200212061837-5e12011dc712/run.go:99 +0x757&#xA;github.com/pingcap/ticdc/dm/dm/worker.TestServer(0xc0008b5680)&#xA;&#x9;/Users/mori/PingCAP/ticdc/dm/dm/worker/server_test.go:56 +0x39&#xA;testing.tRunner(0xc0008b5680, 0x93e12a0)&#xA;&#x9;/usr/local/go/src/testing/testing.go:1193 +0x203&#xA;created by testing.(*T).Run&#xA;&#x9;/usr/local/go/src/testing/testing.go:1238 +0x5d8&#xA;&#xA;goroutine 15 [select]:&#xA;go.opencensus.io/stats/view.(*worker).start(0xc000954980)&#xA;&#x9;/Users/mori/go/pkg/mod/go.opencensus.io@v0.23.0/stats/view/worker.go:276 +0x1c5&#xA;created by go.opencensus.io/stats/view.init.0&#xA;&#x9;/Users/mori/go/pkg/mod/go.opencensus.io@v0.23.0/stats/view/worker.go:34 +0xb2&#xA;&#xA;goroutine 82 [chan receive, 5 minutes]:&#xA;github.com/klauspost/compress/zstd.(*blockDec).startDecoder(0xc000ac5380)&#xA;&#x9;/Users/mori/go/pkg/mod/github.com/klauspost/compress@v1.11.7/zstd/blockdec.go:215 +0xd6&#xA;created by github.com/klauspost/compress/zstd.newBlockDec&#xA;&#x9;/Users/mori/go/pkg/mod/github.com/klauspost/compress@v1.11.7/zstd/blockdec.go:118 +0x1b3&#xA;&#xA;goroutine 83 [chan receive, 5 minutes]:&#xA;github.com/klauspost/compress/zstd.(*blockDec).startDecoder(0xc000ac5450)&#xA;&#x9;/Users/mori/go/pkg/mod/github.com/klauspost/compress@v1.11.7/zstd/blockdec.go:215 +0xd6&#xA;created by github.com/klauspost/compress/zstd.newBlockDec&#xA;&#x9;/Users/mori/go/pkg/mod/github.com/klauspost/compress@v1.11.7/zstd/blockdec.go:118 +0x1b3&#xA;&#xA;goroutine 84 [chan receive, 5 minutes]:&#xA;github.com/klauspost/compress/zstd.(*blockDec).startDecoder(0xc000ac5520)&#xA;&#x9;/Users/mori/go/pkg/mod/github.com/klauspost/compress@v1.11.7/zstd/blockdec.go:215 +0xd6&#xA;created by github.com/klauspost/compress/zstd.newBlockDec&#xA;&#x9;/Users/mori/go/pkg/mod/github.com/klauspost/compress@v1.11.7/zstd/blockdec.go:118 +0x1b3&#xA;&#xA;goroutine 85 [chan receive, 5 minutes]:&#xA;github.com/klauspost/compress/zstd.(*blockDec).startDecoder(0xc000ac55f0)&#xA;&#x9;/Users/mori/go/pkg/mod/github.com/klauspost/compress@v1.11.7/zstd/blockdec.go:215 +0xd6&#xA;created by github.com/klauspost/compress/zstd.newBlockDec&#xA;&#x9;/Users/mori/go/pkg/mod/github.com/klauspost/compress@v1.11.7/zstd/blockdec.go:118 +0x1b3&#xA;&#xA;goroutine 86 [chan receive, 5 minutes]:&#xA;github.com/klauspost/compress/zstd.(*blockDec).startDecoder(0xc000ac56c0)&#xA;&#x9;/Users/mori/go/pkg/mod/github.com/klauspost/compress@v1.11.7/zstd/blockdec.go:215 +0xd6&#xA;created by github.com/klauspost/compress/zstd.newBlockDec&#xA;&#x9;/Users/mori/go/pkg/mod/github.com/klauspost/compress@v1.11.7/zstd/blockdec.go:118 +0x1b3&#xA;&#xA;goroutine 87 [chan receive, 5 minutes]:&#xA;github.com/klauspost/compress/zstd.(*blockDec).startDecoder(0xc000ac5790)&#xA;&#x9;/Users/mori/go/pkg/mod/github.com/klauspost/compress@v1.11.7/zstd/blockdec.go:215 +0xd6&#xA;created by github.com/klauspost/compress/zstd.newBlockDec&#xA;&#x9;/Users/mori/go/pkg/mod/github.com/klauspost/compress@v1.11.7/zstd/blockdec.go:118 +0x1b3&#xA;&#xA;goroutine 88 [chan receive, 5 minutes]:&#xA;github.com/klauspost/compress/zstd.(*blockDec).startDecoder(0xc000ac5860)&#xA;&#x9;/Users/mori/go/pkg/mod/github.com/klauspost/compress@v1.11.7/zstd/blockdec.go:215 +0xd6&#xA;created by github.com/klauspost/compress/zstd.newBlockDec&#xA;&#x9;/Users/mori/go/pkg/mod/github.com/klauspost/compress@v1.11.7/zstd/blockdec.go:118 +0x1b3&#xA;&#xA;goroutine 89 [chan receive, 5 minutes]:&#xA;github.com/klauspost/compress/zstd.(*blockDec).startDecoder(0xc000ac5930)&#xA;&#x9;/Users/mori/go/pkg/mod/github.com/klauspost/compress@v1.11.7/zstd/blockdec.go:215 +0xd6&#xA;created by github.com/klauspost/compress/zstd.newBlockDec&#xA;&#x9;/Users/mori/go/pkg/mod/github.com/klauspost/compress@v1.11.7/zstd/blockdec.go:118 +0x1b3&#xA;&#xA;goroutine 122 [chan receive]:&#xA;go.etcd.io/etcd/pkg/logutil.(*MergeLogger).outputLoop(0xc00042d4a0)&#xA;&#x9;/Users/mori/go/pkg/mod/go.etcd.io/etcd@v0.5.0-alpha.5.0.20210512015243-d19fbe541bf9/pkg/logutil/merge_logger.go:173 +0x4bb&#xA;created by go.etcd.io/etcd/pkg/logutil.NewMergeLogger&#xA;&#x9;/Users/mori/go/pkg/mod/go.etcd.io/etcd@v0.5.0-alpha.5.0.20210512015243-d19fbe541bf9/pkg/logutil/merge_logger.go:91 +0x105&#xA;&#xA;goroutine 156 [chan receive]:&#xA;go.etcd.io/etcd/pkg/logutil.(*MergeLogger).outputLoop(0xc00012fde8)&#xA;&#x9;/Users/mori/go/pkg/mod/go.etcd.io/etcd@v0.5.0-alpha.5.0.20210512015243-d19fbe541bf9/pkg/logutil/merge_logger.go:173 +0x4bb&#xA;created by go.etcd.io/etcd/pkg/logutil.NewMergeLogger&#xA;&#x9;/Users/mori/go/pkg/mod/go.etcd.io/etcd@v0.5.0-alpha.5.0.20210512015243-d19fbe541bf9/pkg/logutil/merge_logger.go:91 +0x105&#xA;&#xA;goroutine 158 [chan receive]:&#xA;go.etcd.io/etcd/pkg/logutil.(*MergeLogger).outputLoop(0xc00012ff08)&#xA;&#x9;/Users/mori/go/pkg/mod/go.etcd.io/etcd@v0.5.0-alpha.5.0.20210512015243-d19fbe541bf9/pkg/logutil/merge_logger.go:173 +0x4bb&#xA;created by go.etcd.io/etcd/pkg/logutil.NewMergeLogger&#xA;&#x9;/Users/mori/go/pkg/mod/go.etcd.io/etcd@v0.5.0-alpha.5.0.20210512015243-d19fbe541bf9/pkg/logutil/merge_logger.go:91 +0x105&#xA;&#xA;goroutine 294 [semacquire, 5 minutes]:&#xA;sync.runtime_Semacquire(0xc000955320)&#xA;&#x9;/usr/local/go/src/runtime/sema.go:56 +0x45&#xA;sync.(*WaitGroup).Wait(0xc000955318)&#xA;&#x9;/usr/local/go/src/sync/waitgroup.go:130 +0xe5&#xA;github.com/pingcap/ticdc/dm/dm/worker.(*realRelayHolder).pauseRelay(0xc000955300, 0xa490d80, 0xc000122008, 0x2, 0xc000000008, 0x8)&#xA;&#x9;/Users/mori/PingCAP/ticdc/dm/dm/worker/relay.go:204 +0x35a&#xA;github.com/pingcap/ticdc/dm/dm/worker.(*realRelayHolder).Operate(0xc000955300, 0xa490d80, 0xc000122008, 0xc000000002, 0x4361249, 0x0)&#xA;&#x9;/Users/mori/PingCAP/ticdc/dm/dm/worker/relay.go:183 +0x2c6&#xA;github.com/pingcap/ticdc/dm/dm/worker.(*realRelayHolder).Update(0xc000955300, 0xa490d80, 0xc000122008, 0xc0005d3700, 0xc631d10, 0x0)&#xA;&#x9;/Users/mori/PingCAP/ticdc/dm/dm/worker/relay.go:289 +0x1d5&#xA;github.com/pingcap/ticdc/dm/dm/worker.(*testRelay).testUpdate(0xd13b518, 0xc00057a3c0, 0xc000955300)&#xA;&#x9;/Users/mori/PingCAP/ticdc/dm/dm/worker/relay_test.go:299 +0x51b&#xA;github.com/pingcap/ticdc/dm/dm/worker.(*testRelay).testStart(0xd13b518, 0xc00057a3c0, 0xc000955300)&#xA;&#x9;/Users/mori/PingCAP/ticdc/dm/dm/worker/relay_test.go:201 +0x5f0&#xA;github.com/pingcap/ticdc/dm/dm/worker.(*testRelay).TestRelay(0xd13b518, 0xc00057a3c0)&#xA;&#x9;/Users/mori/PingCAP/ticdc/dm/dm/worker/relay_test.go:161 +0x3a5&#xA;reflect.Value.call(0x8f57100, 0xd13b518, 0x213, 0x92791d6, 0x4, 0xc00008fef0, 0x1, 0x1, 0xc000bed508, 0x73c561e, ...)&#xA;&#x9;/usr/local/go/src/reflect/value.go:476 +0x99c&#xA;reflect.Value.Call(0x8f57100, 0xd13b518, 0x213, 0xc000bed6f0, 0x1, 0x1, 0x0, 0x0, 0x0)&#xA;&#x9;/usr/local/go/src/reflect/value.go:337 +0xd9&#xA;github.com/pingcap/check.(*suiteRunner).forkTest.func1(0xc00057a3c0)&#xA;&#x9;/Users/mori/go/pkg/mod/github.com/pingcap/check@v0.0.0-20200212061837-5e12011dc712/check.go:850 +0xb3c&#xA;github.com/pingcap/check.(*suiteRunner).forkCall.func1(0xc000ac8ab0, 0xc00057a3c0, 0xc000be73a0)&#xA;&#x9;/Users/mori/go/pkg/mod/github.com/pingcap/check@v0.0.0-20200212061837-5e12011dc712/check.go:739 +0x11e&#xA;created by github.com/pingcap/check.(*suiteRunner).forkCall&#xA;&#x9;/Users/mori/go/pkg/mod/github.com/pingcap/check@v0.0.0-20200212061837-5e12011dc712/check.go:734 +0x4cd&#xA;&#xA;goroutine 293 [select, 5 minutes]:&#xA;github.com/pingcap/check.(*resultTracker)._loopRoutine(0xc000ac82d0)&#xA;&#x9;/Users/mori/go/pkg/mod/github.com/pingcap/check@v0.0.0-20200212061837-5e12011dc712/check.go:464 +0x185&#xA;created by github.com/pingcap/check.(*resultTracker).start&#xA;&#x9;/Users/mori/go/pkg/mod/github.com/pingcap/check@v0.0.0-20200212061837-5e12011dc712/check.go:444 +0x4d&#xA;&#xA;goroutine 296 [chan receive, 5 minutes]:&#xA;github.com/pingcap/ticdc/dm/dm/worker.(*DummyRelay).Process(0xc000132cc0, 0xa490d48, 0xc0008fa940, 0x0, 0x0, 0x0, 0x0, 0x0, 0x0, 0x0)&#xA;&#x9;/Users/mori/PingCAP/ticdc/dm/dm/worker/relay_test.go:72 +0x75&#xA;github.com/pingcap/ticdc/dm/dm/worker.(*realRelayHolder).run(0xc000955300)&#xA;&#x9;/Users/mori/PingCAP/ticdc/dm/dm/worker/relay.go:142 +0x204&#xA;github.com/pingcap/ticdc/dm/dm/worker.(*realRelayHolder).resumeRelay.func1(0xc000955300)&#xA;&#x9;/Users/mori/PingCAP/ticdc/dm/dm/worker/relay.go:221 +0x8b&#xA;created by github.com/pingcap/ticdc/dm/dm/worker.(*realRelayHolder).resumeRelay&#xA;&#x9;/Users/mori/PingCAP/ticdc/dm/dm/worker/relay.go:219 +0x36b&#xA;</failure>
		</testcase>
	</testsuite>
	<testsuite tests="1" failures="0" time="3.030000" name="github.com/pingcap/ticdc/dm/dumpling" timestamp="2021-11-08T21:58:47+08:00">
		<properties>
			<property name="go.version" value="go1.16.4 darwin/amd64"></property>
		</properties>
		<testcase classname="github.com/pingcap/ticdc/dm/dumpling" name="TestSuite" time="3.030000"></testcase>
	</testsuite>
	<testsuite tests="1" failures="0" time="0.050000" name="github.com/pingcap/ticdc/dm/loader" timestamp="2021-11-08T21:58:47+08:00">
		<properties>
			<property name="go.version" value="go1.16.4 darwin/amd64"></property>
		</properties>
		<testcase classname="github.com/pingcap/ticdc/dm/loader" name="TestClient" time="0.050000"></testcase>
	</testsuite>
	<testsuite tests="0" failures="0" time="0.000000" name="github.com/pingcap/ticdc/dm/monitoring/dashboards" timestamp="2021-11-08T21:58:47+08:00">
		<properties>
			<property name="go.version" value="go1.16.4 darwin/amd64"></property>
		</properties>
	</testsuite>
	<testsuite tests="3" failures="0" time="0.440000" name="github.com/pingcap/ticdc/dm/openapi" timestamp="2021-11-08T21:58:47+08:00">
		<properties>
			<property name="go.version" value="go1.16.4 darwin/amd64"></property>
		</properties>
		<testcase classname="github.com/pingcap/ticdc/dm/openapi" name="TestZapLogger" time="0.160000"></testcase>
		<testcase classname="github.com/pingcap/ticdc/dm/openapi" name="TestNewSwaggerDocUI" time="0.140000"></testcase>
		<testcase classname="github.com/pingcap/ticdc/dm/openapi" name="TestTask" time="0.140000"></testcase>
	</testsuite>
	<testsuite tests="0" failures="0" time="0.000000" name="github.com/pingcap/ticdc/dm/openapi/fixtures" timestamp="2021-11-08T21:58:47+08:00">
		<properties>
			<property name="go.version" value="go1.16.4 darwin/amd64"></property>
		</properties>
	</testsuite>
	<testsuite tests="1" failures="0" time="0.000000" name="github.com/pingcap/ticdc/dm/pkg/backoff" timestamp="2021-11-08T21:58:47+08:00">
		<properties>
			<property name="go.version" value="go1.16.4 darwin/amd64"></property>
		</properties>
		<testcase classname="github.com/pingcap/ticdc/dm/pkg/backoff" name="TestT" time="0.000000"></testcase>
	</testsuite>
	<testsuite tests="1" failures="0" time="0.020000" name="github.com/pingcap/ticdc/dm/pkg/binlog" timestamp="2021-11-08T21:58:47+08:00">
		<properties>
			<property name="go.version" value="go1.16.4 darwin/amd64"></property>
		</properties>
		<testcase classname="github.com/pingcap/ticdc/dm/pkg/binlog" name="TestSuite" time="0.020000"></testcase>
	</testsuite>
	<testsuite tests="1" failures="0" time="0.000000" name="github.com/pingcap/ticdc/dm/pkg/binlog/common" timestamp="2021-11-08T21:58:47+08:00">
		<properties>
			<property name="go.version" value="go1.16.4 darwin/amd64"></property>
		</properties>
		<testcase classname="github.com/pingcap/ticdc/dm/pkg/binlog/common" name="TestSuite" time="0.000000"></testcase>
	</testsuite>
	<testsuite tests="1" failures="0" time="0.050000" name="github.com/pingcap/ticdc/dm/pkg/binlog/event" timestamp="2021-11-08T21:58:47+08:00">
		<properties>
			<property name="go.version" value="go1.16.4 darwin/amd64"></property>
		</properties>
		<testcase classname="github.com/pingcap/ticdc/dm/pkg/binlog/event" name="TestSuite" time="0.050000"></testcase>
	</testsuite>
	<testsuite tests="1" failures="0" time="2.029000" name="github.com/pingcap/ticdc/dm/pkg/binlog/reader" timestamp="2021-11-08T21:58:47+08:00">
		<properties>
			<property name="go.version" value="go1.16.4 darwin/amd64"></property>
		</properties>
		<testcase classname="github.com/pingcap/ticdc/dm/pkg/binlog/reader" name="TestSuite" time="2.029000"></testcase>
	</testsuite>
	<testsuite tests="1" failures="0" time="0.020000" name="github.com/pingcap/ticdc/dm/pkg/conn" timestamp="2021-11-08T21:58:47+08:00">
		<properties>
			<property name="go.version" value="go1.16.4 darwin/amd64"></property>
		</properties>
		<testcase classname="github.com/pingcap/ticdc/dm/pkg/conn" name="TestSuite" time="0.020000"></testcase>
	</testsuite>
	<testsuite tests="0" failures="0" time="0.000000" name="github.com/pingcap/ticdc/dm/pkg/context" timestamp="2021-11-08T21:58:47+08:00">
		<properties>
			<property name="go.version" value="go1.16.4 darwin/amd64"></property>
		</properties>
	</testsuite>
	<testsuite tests="0" failures="0" time="0.000000" name="github.com/pingcap/ticdc/dm/pkg/cputil" timestamp="2021-11-08T21:58:47+08:00">
		<properties>
			<property name="go.version" value="go1.16.4 darwin/amd64"></property>
		</properties>
	</testsuite>
	<testsuite tests="1" failures="0" time="0.010000" name="github.com/pingcap/ticdc/dm/pkg/dumpling" timestamp="2021-11-08T21:58:47+08:00">
		<properties>
			<property name="go.version" value="go1.16.4 darwin/amd64"></property>
		</properties>
		<testcase classname="github.com/pingcap/ticdc/dm/pkg/dumpling" name="TestSuite" time="0.010000"></testcase>
	</testsuite>
	<testsuite tests="1" failures="0" time="9.040000" name="github.com/pingcap/ticdc/dm/pkg/election" timestamp="2021-11-08T21:58:47+08:00">
		<properties>
			<property name="go.version" value="go1.16.4 darwin/amd64"></property>
		</properties>
		<testcase classname="github.com/pingcap/ticdc/dm/pkg/election" name="TestSuite" time="9.040000"></testcase>
	</testsuite>
	<testsuite tests="1" failures="0" time="0.000000" name="github.com/pingcap/ticdc/dm/pkg/encrypt" timestamp="2021-11-08T21:58:47+08:00">
		<properties>
			<property name="go.version" value="go1.16.4 darwin/amd64"></property>
		</properties>
		<testcase classname="github.com/pingcap/ticdc/dm/pkg/encrypt" name="TestSuite" time="0.000000"></testcase>
	</testsuite>
	<testsuite tests="1" failures="1" time="5.920000" name="github.com/pingcap/ticdc/dm/pkg/etcdutil" timestamp="2021-11-08T21:58:47+08:00">
		<properties>
			<property name="go.version" value="go1.16.4 darwin/amd64"></property>
		</properties>
		<testcase classname="github.com/pingcap/ticdc/dm/pkg/etcdutil" name="TestSuite" time="5.920000">
			<failure message="Failed" type="">=== RUN   TestSuite&#xA;[2021/11/08 22:03:29.944 +08:00] [INFO] [etcd.go:117] [&#34;configuring peer listeners&#34;] [listen-peer-urls=&#34;[http://127.0.0.1:8362]&#34;]&#xA;[2021/11/08 22:03:29.947 +08:00] [INFO] [etcd.go:127] [&#34;configuring client listeners&#34;] [listen-client-urls=&#34;[http://127.0.0.1:8361]&#34;]&#xA;[2021/11/08 22:03:29.948 +08:00] [INFO] [etcd.go:303] [&#34;starting an etcd server&#34;] [etcd-version=3.4.16] [git-sha=&#34;Not provided (use ./build instead of go build)&#34;] [go-version=go1.16.4] [go-os=darwin] [go-arch=amd64] [max-cpu-set=8] [max-cpu-available=8] [member-initialized=false] [name=etcd1] [data-dir=/var/folders/48/srz2qmvs4c5glzpb5t53dp5m0000gn/T/check-2172396527902487783/0] [wal-dir=] [wal-dir-dedicated=] [member-dir=/var/folders/48/srz2qmvs4c5glzpb5t53dp5m0000gn/T/check-2172396527902487783/0/member] [force-new-cluster=false] [heartbeat-interval=100ms] [election-timeout=1s] [initial-election-tick-advance=true] [snapshot-count=100000] [snapshot-catchup-entries=5000] [initial-advertise-peer-urls=&#34;[http://127.0.0.1:8362]&#34;] [listen-peer-urls=&#34;[http://127.0.0.1:8362]&#34;] [advertise-client-urls=&#34;[http://127.0.0.1:8361]&#34;] [listen-client-urls=&#34;[http://127.0.0.1:8361]&#34;] [listen-metrics-urls=&#34;[]&#34;] [cors=&#34;[*]&#34;] [host-whitelist=&#34;[*]&#34;] [initial-cluster=&#34;etcd1=http://127.0.0.1:8362&#34;] [initial-cluster-state=new] [initial-cluster-token=etcd-cluster] [quota-size-bytes=2147483648] [pre-vote=false] [initial-corrupt-check=false] [corrupt-check-time-interval=0s] [auto-compaction-mode=] [auto-compaction-retention=0s] [auto-compaction-interval=0s] [discovery-url=] [discovery-proxy=]&#xA;[2021/11/08 22:03:29.970 +08:00] [INFO] [backend.go:80] [&#34;opened backend db&#34;] [path=/var/folders/48/srz2qmvs4c5glzpb5t53dp5m0000gn/T/check-2172396527902487783/0/member/snap/db] [took=21.688166ms]&#xA;[2021/11/08 22:03:30.052 +08:00] [INFO] [raft.go:486] [&#34;starting local member&#34;] [local-member-id=632e01958d2f7b7c] [cluster-id=8bd52c4e3f5e4417]&#xA;[2021/11/08 22:03:30.053 +08:00] [INFO] [raft.go:1530] [&#34;632e01958d2f7b7c switched to configuration voters=()&#34;]&#xA;[2021/11/08 22:03:30.053 +08:00] [INFO] [raft.go:700] [&#34;632e01958d2f7b7c became follower at term 0&#34;]&#xA;[2021/11/08 22:03:30.053 +08:00] [INFO] [raft.go:383] [&#34;newRaft 632e01958d2f7b7c [peers: [], term: 0, commit: 0, applied: 0, lastindex: 0, lastterm: 0]&#34;]&#xA;[2021/11/08 22:03:30.054 +08:00] [INFO] [raft.go:700] [&#34;632e01958d2f7b7c became follower at term 1&#34;]&#xA;[2021/11/08 22:03:30.054 +08:00] [INFO] [raft.go:1530] [&#34;632e01958d2f7b7c switched to configuration voters=(7146651400514009980)&#34;]&#xA;[2021/11/08 22:03:30.120 +08:00] [WARN] [store.go:1366] [&#34;simple token is not cryptographically signed&#34;]&#xA;[2021/11/08 22:03:30.200 +08:00] [INFO] [quota.go:98] [&#34;enabled backend quota with default value&#34;] [quota-name=v3-applier] [quota-size-bytes=2147483648] [quota-size=&#34;2.1 GB&#34;]&#xA;[2021/11/08 22:03:30.240 +08:00] [INFO] [server.go:803] [&#34;starting etcd server&#34;] [local-member-id=632e01958d2f7b7c] [local-server-version=3.4.16] [cluster-version=to_be_decided]&#xA;[2021/11/08 22:03:30.241 +08:00] [INFO] [server.go:669] [&#34;started as single-node; fast-forwarding election ticks&#34;] [local-member-id=632e01958d2f7b7c] [forward-ticks=9] [forward-duration=900ms] [election-ticks=10] [election-timeout=1s]&#xA;[2021/11/08 22:03:30.243 +08:00] [WARN] [metrics.go:213] [&#34;failed to get file descriptor usage&#34;] [error=&#34;cannot get FDUsage on darwin&#34;]&#xA;[2021/11/08 22:03:30.251 +08:00] [INFO] [raft.go:1530] [&#34;632e01958d2f7b7c switched to configuration voters=(7146651400514009980)&#34;]&#xA;[2021/11/08 22:03:30.253 +08:00] [INFO] [cluster.go:392] [&#34;added member&#34;] [cluster-id=8bd52c4e3f5e4417] [local-member-id=632e01958d2f7b7c] [added-peer-id=632e01958d2f7b7c] [added-peer-peer-urls=&#34;[http://127.0.0.1:8362]&#34;]&#xA;[2021/11/08 22:03:30.259 +08:00] [INFO] [etcd.go:580] [&#34;serving peer traffic&#34;] [address=127.0.0.1:8362]&#xA;[2021/11/08 22:03:30.262 +08:00] [INFO] [etcd.go:245] [&#34;now serving peer/client/metrics&#34;] [local-member-id=632e01958d2f7b7c] [initial-advertise-peer-urls=&#34;[http://127.0.0.1:8362]&#34;] [listen-peer-urls=&#34;[http://127.0.0.1:8362]&#34;] [advertise-client-urls=&#34;[http://127.0.0.1:8361]&#34;] [listen-client-urls=&#34;[http://127.0.0.1:8361]&#34;] [listen-metrics-urls=&#34;[]&#34;]&#xA;[2021/11/08 22:03:30.760 +08:00] [INFO] [raft.go:923] [&#34;632e01958d2f7b7c is starting a new election at term 1&#34;]&#xA;[2021/11/08 22:03:30.760 +08:00] [INFO] [raft.go:713] [&#34;632e01958d2f7b7c became candidate at term 2&#34;]&#xA;[2021/11/08 22:03:30.761 +08:00] [INFO] [raft.go:824] [&#34;632e01958d2f7b7c received MsgVoteResp from 632e01958d2f7b7c at term 2&#34;]&#xA;[2021/11/08 22:03:30.761 +08:00] [INFO] [raft.go:765] [&#34;632e01958d2f7b7c became leader at term 2&#34;]&#xA;[2021/11/08 22:03:30.762 +08:00] [INFO] [node.go:325] [&#34;raft.node: 632e01958d2f7b7c elected leader 632e01958d2f7b7c at term 2&#34;]&#xA;[2021/11/08 22:03:30.766 +08:00] [INFO] [server.go:2528] [&#34;setting up initial cluster version&#34;] [cluster-version=3.4]&#xA;[2021/11/08 22:03:30.767 +08:00] [INFO] [server.go:2037] [&#34;published local member to cluster through raft&#34;] [local-member-id=632e01958d2f7b7c] [local-member-attributes=&#34;{Name:etcd1 ClientURLs:[http://127.0.0.1:8361]}&#34;] [request-path=/0/members/632e01958d2f7b7c/attributes] [cluster-id=8bd52c4e3f5e4417] [publish-timeout=7s]&#xA;[2021/11/08 22:03:30.771 +08:00] [INFO] [serve.go:139] [&#34;serving client traffic insecurely; this is strongly discouraged!&#34;] [address=127.0.0.1:8361]&#xA;[2021/11/08 22:03:30.783 +08:00] [INFO] [cluster.go:558] [&#34;set initial cluster version&#34;] [cluster-id=8bd52c4e3f5e4417] [local-member-id=632e01958d2f7b7c] [cluster-version=3.4]&#xA;[2021/11/08 22:03:30.784 +08:00] [INFO] [capability.go:76] [&#34;enabled capabilities for version&#34;] [cluster-version=3.4]&#xA;[2021/11/08 22:03:30.784 +08:00] [INFO] [server.go:2560] [&#34;cluster version is updated&#34;] [cluster-version=3.4]&#xA;[2021/11/08 22:03:30.821 +08:00] [INFO] [raft.go:1530] [&#34;632e01958d2f7b7c switched to configuration voters=(5553712282600180944 7146651400514009980)&#34;]&#xA;[2021/11/08 22:03:30.890 +08:00] [INFO] [cluster.go:392] [&#34;added member&#34;] [cluster-id=8bd52c4e3f5e4417] [local-member-id=632e01958d2f7b7c] [added-peer-id=4d12bfe56d1b8cd0] [added-peer-peer-urls=&#34;[http://127.0.0.1:8364]&#34;]&#xA;[2021/11/08 22:03:30.891 +08:00] [INFO] [peer.go:128] [&#34;starting remote peer&#34;] [remote-peer-id=4d12bfe56d1b8cd0]&#xA;[2021/11/08 22:03:30.891 +08:00] [INFO] [pipeline.go:71] [&#34;started HTTP pipelining with remote peer&#34;] [local-member-id=632e01958d2f7b7c] [remote-peer-id=4d12bfe56d1b8cd0]&#xA;[2021/11/08 22:03:30.893 +08:00] [INFO] [stream.go:166] [&#34;started stream writer with remote peer&#34;] [local-member-id=632e01958d2f7b7c] [remote-peer-id=4d12bfe56d1b8cd0]&#xA;[2021/11/08 22:03:30.895 +08:00] [INFO] [stream.go:166] [&#34;started stream writer with remote peer&#34;] [local-member-id=632e01958d2f7b7c] [remote-peer-id=4d12bfe56d1b8cd0]&#xA;[2021/11/08 22:03:30.897 +08:00] [INFO] [stream.go:406] [&#34;started stream reader with remote peer&#34;] [stream-reader-type=&#34;stream MsgApp v2&#34;] [local-member-id=632e01958d2f7b7c] [remote-peer-id=4d12bfe56d1b8cd0]&#xA;[2021/11/08 22:03:30.897 +08:00] [INFO] [peer.go:134] [&#34;started remote peer&#34;] [remote-peer-id=4d12bfe56d1b8cd0]&#xA;[2021/11/08 22:03:30.897 +08:00] [INFO] [stream.go:406] [&#34;started stream reader with remote peer&#34;] [stream-reader-type=&#34;stream Message&#34;] [local-member-id=632e01958d2f7b7c] [remote-peer-id=4d12bfe56d1b8cd0]&#xA;[2021/11/08 22:03:30.899 +08:00] [INFO] [transport.go:327] [&#34;added remote peer&#34;] [local-member-id=632e01958d2f7b7c] [remote-peer-id=4d12bfe56d1b8cd0] [remote-peer-urls=&#34;[http://127.0.0.1:8364]&#34;]&#xA;[2021/11/08 22:03:30.900 +08:00] [INFO] [server.go:1965] [&#34;applied a configuration change through raft&#34;] [local-member-id=632e01958d2f7b7c] [raft-conf-change=ConfChangeAddNode] [raft-conf-change-node-id=4d12bfe56d1b8cd0]&#xA;[2021/11/08 22:03:30.905 +08:00] [INFO] [etcd.go:117] [&#34;configuring peer listeners&#34;] [listen-peer-urls=&#34;[http://127.0.0.1:8364]&#34;]&#xA;[2021/11/08 22:03:30.908 +08:00] [INFO] [etcd.go:127] [&#34;configuring client listeners&#34;] [listen-client-urls=&#34;[http://127.0.0.1:8363]&#34;]&#xA;[2021/11/08 22:03:30.909 +08:00] [INFO] [etcd.go:303] [&#34;starting an etcd server&#34;] [etcd-version=3.4.16] [git-sha=&#34;Not provided (use ./build instead of go build)&#34;] [go-version=go1.16.4] [go-os=darwin] [go-arch=amd64] [max-cpu-set=8] [max-cpu-available=8] [member-initialized=false] [name=etcd2] [data-dir=/var/folders/48/srz2qmvs4c5glzpb5t53dp5m0000gn/T/check-2172396527902487783/1] [wal-dir=] [wal-dir-dedicated=] [member-dir=/var/folders/48/srz2qmvs4c5glzpb5t53dp5m0000gn/T/check-2172396527902487783/1/member] [force-new-cluster=false] [heartbeat-interval=100ms] [election-timeout=1s] [initial-election-tick-advance=true] [snapshot-count=100000] [snapshot-catchup-entries=5000] [initial-advertise-peer-urls=&#34;[http://127.0.0.1:8364]&#34;] [listen-peer-urls=&#34;[http://127.0.0.1:8364]&#34;] [advertise-client-urls=&#34;[http://127.0.0.1:8363]&#34;] [listen-client-urls=&#34;[http://127.0.0.1:8363]&#34;] [listen-metrics-urls=&#34;[]&#34;] [cors=&#34;[*]&#34;] [host-whitelist=&#34;[*]&#34;] [initial-cluster=&#34;etcd1=http://127.0.0.1:8362,etcd2=http://127.0.0.1:8364&#34;] [initial-cluster-state=existing] [initial-cluster-token=etcd-cluster] [quota-size-bytes=2147483648] [pre-vote=false] [initial-corrupt-check=false] [corrupt-check-time-interval=0s] [auto-compaction-mode=] [auto-compaction-retention=0s] [auto-compaction-interval=0s] [discovery-url=] [discovery-proxy=]&#xA;[2021/11/08 22:03:30.929 +08:00] [INFO] [backend.go:80] [&#34;opened backend db&#34;] [path=/var/folders/48/srz2qmvs4c5glzpb5t53dp5m0000gn/T/check-2172396527902487783/1/member/snap/db] [took=19.124667ms]&#xA;[2021/11/08 22:03:31.017 +08:00] [INFO] [raft.go:486] [&#34;starting local member&#34;] [local-member-id=4d12bfe56d1b8cd0] [cluster-id=8bd52c4e3f5e4417]&#xA;[2021/11/08 22:03:31.017 +08:00] [INFO] [raft.go:1530] [&#34;4d12bfe56d1b8cd0 switched to configuration voters=()&#34;]&#xA;[2021/11/08 22:03:31.017 +08:00] [INFO] [raft.go:700] [&#34;4d12bfe56d1b8cd0 became follower at term 0&#34;]&#xA;[2021/11/08 22:03:31.017 +08:00] [INFO] [raft.go:383] [&#34;newRaft 4d12bfe56d1b8cd0 [peers: [], term: 0, commit: 0, applied: 0, lastindex: 0, lastterm: 0]&#34;]&#xA;[2021/11/08 22:03:31.099 +08:00] [WARN] [store.go:1366] [&#34;simple token is not cryptographically signed&#34;]&#xA;[2021/11/08 22:03:31.217 +08:00] [INFO] [pipeline.go:71] [&#34;started HTTP pipelining with remote peer&#34;] [local-member-id=4d12bfe56d1b8cd0] [remote-peer-id=632e01958d2f7b7c]&#xA;[2021/11/08 22:03:31.217 +08:00] [INFO] [transport.go:294] [&#34;added new remote peer&#34;] [local-member-id=4d12bfe56d1b8cd0] [remote-peer-id=632e01958d2f7b7c] [remote-peer-urls=&#34;[http://127.0.0.1:8362]&#34;]&#xA;[2021/11/08 22:03:31.218 +08:00] [INFO] [peer.go:128] [&#34;starting remote peer&#34;] [remote-peer-id=632e01958d2f7b7c]&#xA;[2021/11/08 22:03:31.218 +08:00] [INFO] [pipeline.go:71] [&#34;started HTTP pipelining with remote peer&#34;] [local-member-id=4d12bfe56d1b8cd0] [remote-peer-id=632e01958d2f7b7c]&#xA;[2021/11/08 22:03:31.218 +08:00] [INFO] [stream.go:166] [&#34;started stream writer with remote peer&#34;] [local-member-id=4d12bfe56d1b8cd0] [remote-peer-id=632e01958d2f7b7c]&#xA;[2021/11/08 22:03:31.218 +08:00] [INFO] [stream.go:166] [&#34;started stream writer with remote peer&#34;] [local-member-id=4d12bfe56d1b8cd0] [remote-peer-id=632e01958d2f7b7c]&#xA;[2021/11/08 22:03:31.219 +08:00] [INFO] [stream.go:406] [&#34;started stream reader with remote peer&#34;] [stream-reader-type=&#34;stream MsgApp v2&#34;] [local-member-id=4d12bfe56d1b8cd0] [remote-peer-id=632e01958d2f7b7c]&#xA;[2021/11/08 22:03:31.219 +08:00] [INFO] [peer.go:134] [&#34;started remote peer&#34;] [remote-peer-id=632e01958d2f7b7c]&#xA;[2021/11/08 22:03:31.219 +08:00] [INFO] [stream.go:406] [&#34;started stream reader with remote peer&#34;] [stream-reader-type=&#34;stream Message&#34;] [local-member-id=4d12bfe56d1b8cd0] [remote-peer-id=632e01958d2f7b7c]&#xA;[2021/11/08 22:03:31.219 +08:00] [INFO] [transport.go:327] [&#34;added remote peer&#34;] [local-member-id=4d12bfe56d1b8cd0] [remote-peer-id=632e01958d2f7b7c] [remote-peer-urls=&#34;[http://127.0.0.1:8362]&#34;]&#xA;[2021/11/08 22:03:31.219 +08:00] [INFO] [server.go:803] [&#34;starting etcd server&#34;] [local-member-id=4d12bfe56d1b8cd0] [local-server-version=3.4.16] [cluster-version=to_be_decided]&#xA;[2021/11/08 22:03:31.219 +08:00] [INFO] [server.go:691] [&#34;starting initial election tick advance&#34;] [election-ticks=10]&#xA;[2021/11/08 22:03:31.221 +08:00] [WARN] [metrics.go:213] [&#34;failed to get file descriptor usage&#34;] [error=&#34;cannot get FDUsage on darwin&#34;]&#xA;[2021/11/08 22:03:31.222 +08:00] [INFO] [peer_status.go:51] [&#34;peer became active&#34;] [peer-id=632e01958d2f7b7c]&#xA;[2021/11/08 22:03:31.222 +08:00] [INFO] [stream.go:250] [&#34;set message encoder&#34;] [from=632e01958d2f7b7c] [to=632e01958d2f7b7c] [stream-type=&#34;stream Message&#34;]&#xA;[2021/11/08 22:03:31.222 +08:00] [INFO] [peer_status.go:51] [&#34;peer became active&#34;] [peer-id=4d12bfe56d1b8cd0]&#xA;[2021/11/08 22:03:31.223 +08:00] [INFO] [stream.go:425] [&#34;established TCP streaming connection with remote peer&#34;] [stream-reader-type=&#34;stream Message&#34;] [local-member-id=4d12bfe56d1b8cd0] [remote-peer-id=632e01958d2f7b7c]&#xA;[2021/11/08 22:03:31.223 +08:00] [WARN] [stream.go:277] [&#34;established TCP streaming connection with remote peer&#34;] [stream-writer-type=&#34;stream Message&#34;] [local-member-id=632e01958d2f7b7c] [remote-peer-id=4d12bfe56d1b8cd0]&#xA;[2021/11/08 22:03:31.224 +08:00] [INFO] [etcd.go:580] [&#34;serving peer traffic&#34;] [address=127.0.0.1:8364]&#xA;[2021/11/08 22:03:31.226 +08:00] [INFO] [stream.go:250] [&#34;set message encoder&#34;] [from=4d12bfe56d1b8cd0] [to=4d12bfe56d1b8cd0] [stream-type=&#34;stream Message&#34;]&#xA;[2021/11/08 22:03:31.226 +08:00] [WARN] [stream.go:277] [&#34;established TCP streaming connection with remote peer&#34;] [stream-writer-type=&#34;stream Message&#34;] [local-member-id=4d12bfe56d1b8cd0] [remote-peer-id=632e01958d2f7b7c]&#xA;[2021/11/08 22:03:31.226 +08:00] [INFO] [stream.go:425] [&#34;established TCP streaming connection with remote peer&#34;] [stream-reader-type=&#34;stream Message&#34;] [local-member-id=632e01958d2f7b7c] [remote-peer-id=4d12bfe56d1b8cd0]&#xA;[2021/11/08 22:03:31.226 +08:00] [INFO] [etcd.go:245] [&#34;now serving peer/client/metrics&#34;] [local-member-id=4d12bfe56d1b8cd0] [initial-advertise-peer-urls=&#34;[http://127.0.0.1:8364]&#34;] [listen-peer-urls=&#34;[http://127.0.0.1:8364]&#34;] [advertise-client-urls=&#34;[http://127.0.0.1:8363]&#34;] [listen-client-urls=&#34;[http://127.0.0.1:8363]&#34;] [listen-metrics-urls=&#34;[]&#34;]&#xA;[2021/11/08 22:03:31.227 +08:00] [INFO] [stream.go:250] [&#34;set message encoder&#34;] [from=4d12bfe56d1b8cd0] [to=4d12bfe56d1b8cd0] [stream-type=&#34;stream MsgApp v2&#34;]&#xA;[2021/11/08 22:03:31.227 +08:00] [WARN] [stream.go:277] [&#34;established TCP streaming connection with remote peer&#34;] [stream-writer-type=&#34;stream MsgApp v2&#34;] [local-member-id=4d12bfe56d1b8cd0] [remote-peer-id=632e01958d2f7b7c]&#xA;[2021/11/08 22:03:31.229 +08:00] [INFO] [stream.go:425] [&#34;established TCP streaming connection with remote peer&#34;] [stream-reader-type=&#34;stream MsgApp v2&#34;] [local-member-id=632e01958d2f7b7c] [remote-peer-id=4d12bfe56d1b8cd0]&#xA;[2021/11/08 22:03:31.230 +08:00] [INFO] [raft.go:859] [&#34;4d12bfe56d1b8cd0 [term: 0] received a MsgHeartbeat message with higher term from 632e01958d2f7b7c [term: 2]&#34;]&#xA;[2021/11/08 22:03:31.230 +08:00] [INFO] [raft.go:700] [&#34;4d12bfe56d1b8cd0 became follower at term 2&#34;]&#xA;[2021/11/08 22:03:31.231 +08:00] [INFO] [node.go:325] [&#34;raft.node: 4d12bfe56d1b8cd0 elected leader 632e01958d2f7b7c at term 2&#34;]&#xA;[2021/11/08 22:03:31.231 +08:00] [INFO] [stream.go:250] [&#34;set message encoder&#34;] [from=632e01958d2f7b7c] [to=632e01958d2f7b7c] [stream-type=&#34;stream MsgApp v2&#34;]&#xA;[2021/11/08 22:03:31.231 +08:00] [WARN] [stream.go:277] [&#34;established TCP streaming connection with remote peer&#34;] [stream-writer-type=&#34;stream MsgApp v2&#34;] [local-member-id=632e01958d2f7b7c] [remote-peer-id=4d12bfe56d1b8cd0]&#xA;[2021/11/08 22:03:31.232 +08:00] [INFO] [stream.go:425] [&#34;established TCP streaming connection with remote peer&#34;] [stream-reader-type=&#34;stream MsgApp v2&#34;] [local-member-id=4d12bfe56d1b8cd0] [remote-peer-id=632e01958d2f7b7c]&#xA;[2021/11/08 22:03:31.274 +08:00] [INFO] [raft.go:1530] [&#34;4d12bfe56d1b8cd0 switched to configuration voters=(7146651400514009980)&#34;]&#xA;[2021/11/08 22:03:31.274 +08:00] [INFO] [cluster.go:392] [&#34;added member&#34;] [cluster-id=8bd52c4e3f5e4417] [local-member-id=4d12bfe56d1b8cd0] [added-peer-id=632e01958d2f7b7c] [added-peer-peer-urls=&#34;[http://127.0.0.1:8362]&#34;]&#xA;[2021/11/08 22:03:31.277 +08:00] [INFO] [cluster.go:558] [&#34;set initial cluster version&#34;] [cluster-id=8bd52c4e3f5e4417] [local-member-id=4d12bfe56d1b8cd0] [cluster-version=3.4]&#xA;[2021/11/08 22:03:31.279 +08:00] [INFO] [raft.go:1530] [&#34;4d12bfe56d1b8cd0 switched to configuration voters=(5553712282600180944 7146651400514009980)&#34;]&#xA;[2021/11/08 22:03:31.279 +08:00] [INFO] [cluster.go:392] [&#34;added member&#34;] [cluster-id=8bd52c4e3f5e4417] [local-member-id=4d12bfe56d1b8cd0] [added-peer-id=4d12bfe56d1b8cd0] [added-peer-peer-urls=&#34;[http://127.0.0.1:8364]&#34;]&#xA;[2021/11/08 22:03:31.294 +08:00] [INFO] [server.go:2037] [&#34;published local member to cluster through raft&#34;] [local-member-id=4d12bfe56d1b8cd0] [local-member-attributes=&#34;{Name:etcd2 ClientURLs:[http://127.0.0.1:8363]}&#34;] [request-path=/0/members/4d12bfe56d1b8cd0/attributes] [cluster-id=8bd52c4e3f5e4417] [publish-timeout=7s]&#xA;[2021/11/08 22:03:31.295 +08:00] [INFO] [etcd.go:364] [&#34;closing etcd server&#34;] [name=etcd2] [data-dir=/var/folders/48/srz2qmvs4c5glzpb5t53dp5m0000gn/T/check-2172396527902487783/1] [advertise-peer-urls=&#34;[http://127.0.0.1:8364]&#34;] [advertise-client-urls=&#34;[http://127.0.0.1:8363]&#34;]&#xA;[2021/11/08 22:03:31.295 +08:00] [INFO] [serve.go:139] [&#34;serving client traffic insecurely; this is strongly discouraged!&#34;] [address=127.0.0.1:8363]&#xA;[2021/11/08 22:03:31.297 +08:00] [INFO] [server.go:1472] [&#34;skipped leadership transfer; local server is not leader&#34;] [local-member-id=4d12bfe56d1b8cd0] [current-leader-member-id=632e01958d2f7b7c]&#xA;[2021/11/08 22:03:31.299 +08:00] [INFO] [pipeline.go:86] [&#34;stopped HTTP pipelining with remote peer&#34;] [local-member-id=4d12bfe56d1b8cd0] [remote-peer-id=632e01958d2f7b7c]&#xA;[2021/11/08 22:03:31.299 +08:00] [INFO] [peer.go:333] [&#34;stopping remote peer&#34;] [remote-peer-id=632e01958d2f7b7c]&#xA;[2021/11/08 22:03:31.300 +08:00] [WARN] [stream.go:436] [&#34;lost TCP streaming connection with remote peer&#34;] [stream-reader-type=&#34;stream MsgApp v2&#34;] [local-member-id=632e01958d2f7b7c] [remote-peer-id=4d12bfe56d1b8cd0] [error=EOF]&#xA;[2021/11/08 22:03:31.301 +08:00] [WARN] [stream.go:291] [&#34;closed TCP streaming connection with remote peer&#34;] [stream-writer-type=&#34;stream MsgApp v2&#34;] [remote-peer-id=632e01958d2f7b7c]&#xA;[2021/11/08 22:03:31.301 +08:00] [WARN] [stream.go:301] [&#34;stopped TCP streaming connection with remote peer&#34;] [stream-writer-type=&#34;stream MsgApp v2&#34;] [remote-peer-id=632e01958d2f7b7c]&#xA;[2021/11/08 22:03:31.301 +08:00] [WARN] [stream.go:291] [&#34;closed TCP streaming connection with remote peer&#34;] [stream-writer-type=&#34;stream Message&#34;] [remote-peer-id=632e01958d2f7b7c]&#xA;[2021/11/08 22:03:31.301 +08:00] [WARN] [stream.go:301] [&#34;stopped TCP streaming connection with remote peer&#34;] [stream-writer-type=&#34;stream Message&#34;] [remote-peer-id=632e01958d2f7b7c]&#xA;[2021/11/08 22:03:31.301 +08:00] [WARN] [stream.go:436] [&#34;lost TCP streaming connection with remote peer&#34;] [stream-reader-type=&#34;stream Message&#34;] [local-member-id=632e01958d2f7b7c] [remote-peer-id=4d12bfe56d1b8cd0] [error=EOF]&#xA;[2021/11/08 22:03:31.302 +08:00] [INFO] [pipeline.go:86] [&#34;stopped HTTP pipelining with remote peer&#34;] [local-member-id=4d12bfe56d1b8cd0] [remote-peer-id=632e01958d2f7b7c]&#xA;[2021/11/08 22:03:31.302 +08:00] [WARN] [stream.go:436] [&#34;lost TCP streaming connection with remote peer&#34;] [stream-reader-type=&#34;stream MsgApp v2&#34;] [local-member-id=4d12bfe56d1b8cd0] [remote-peer-id=632e01958d2f7b7c] [error=&#34;context canceled&#34;]&#xA;[2021/11/08 22:03:31.302 +08:00] [WARN] [peer_status.go:68] [&#34;peer became inactive (message send to peer failed)&#34;] [peer-id=632e01958d2f7b7c] [error=&#34;failed to read 632e01958d2f7b7c on stream MsgApp v2 (context canceled)&#34;]&#xA;[2021/11/08 22:03:31.303 +08:00] [INFO] [stream.go:459] [&#34;stopped stream reader with remote peer&#34;] [stream-reader-type=&#34;stream MsgApp v2&#34;] [local-member-id=4d12bfe56d1b8cd0] [remote-peer-id=632e01958d2f7b7c]&#xA;[2021/11/08 22:03:31.303 +08:00] [WARN] [stream.go:436] [&#34;lost TCP streaming connection with remote peer&#34;] [stream-reader-type=&#34;stream Message&#34;] [local-member-id=4d12bfe56d1b8cd0] [remote-peer-id=632e01958d2f7b7c] [error=&#34;context canceled&#34;]&#xA;[2021/11/08 22:03:31.303 +08:00] [INFO] [stream.go:459] [&#34;stopped stream reader with remote peer&#34;] [stream-reader-type=&#34;stream Message&#34;] [local-member-id=4d12bfe56d1b8cd0] [remote-peer-id=632e01958d2f7b7c]&#xA;[2021/11/08 22:03:31.303 +08:00] [INFO] [peer.go:340] [&#34;stopped remote peer&#34;] [remote-peer-id=632e01958d2f7b7c]&#xA;[2021/11/08 22:03:31.305 +08:00] [WARN] [http.go:448] [&#34;failed to find remote peer in cluster&#34;] [local-member-id=4d12bfe56d1b8cd0] [remote-peer-id-stream-handler=4d12bfe56d1b8cd0] [remote-peer-id-from=632e01958d2f7b7c] [cluster-id=8bd52c4e3f5e4417]&#xA;[2021/11/08 22:03:31.305 +08:00] [WARN] [http.go:448] [&#34;failed to find remote peer in cluster&#34;] [local-member-id=4d12bfe56d1b8cd0] [remote-peer-id-stream-handler=4d12bfe56d1b8cd0] [remote-peer-id-from=632e01958d2f7b7c] [cluster-id=8bd52c4e3f5e4417]&#xA;[2021/11/08 22:03:31.305 +08:00] [WARN] [peer_status.go:68] [&#34;peer became inactive (message send to peer failed)&#34;] [peer-id=4d12bfe56d1b8cd0] [error=&#34;failed to dial 4d12bfe56d1b8cd0 on stream MsgApp v2 (peer 4d12bfe56d1b8cd0 failed to find local node 632e01958d2f7b7c)&#34;]&#xA;[2021/11/08 22:03:31.406 +08:00] [WARN] [http.go:448] [&#34;failed to find remote peer in cluster&#34;] [local-member-id=4d12bfe56d1b8cd0] [remote-peer-id-stream-handler=4d12bfe56d1b8cd0] [remote-peer-id-from=632e01958d2f7b7c] [cluster-id=8bd52c4e3f5e4417]&#xA;[2021/11/08 22:03:31.406 +08:00] [WARN] [http.go:448] [&#34;failed to find remote peer in cluster&#34;] [local-member-id=4d12bfe56d1b8cd0] [remote-peer-id-stream-handler=4d12bfe56d1b8cd0] [remote-peer-id-from=632e01958d2f7b7c] [cluster-id=8bd52c4e3f5e4417]&#xA;[2021/11/08 22:03:31.480 +08:00] [INFO] [etcd.go:559] [&#34;stopping serving peer traffic&#34;] [address=127.0.0.1:8364]&#xA;[2021/11/08 22:03:31.481 +08:00] [INFO] [etcd.go:566] [&#34;stopped serving peer traffic&#34;] [address=127.0.0.1:8364]&#xA;[2021/11/08 22:03:31.481 +08:00] [INFO] [etcd.go:368] [&#34;closed etcd server&#34;] [name=etcd2] [data-dir=/var/folders/48/srz2qmvs4c5glzpb5t53dp5m0000gn/T/check-2172396527902487783/1] [advertise-peer-urls=&#34;[http://127.0.0.1:8364]&#34;] [advertise-client-urls=&#34;[http://127.0.0.1:8363]&#34;]&#xA;[2021/11/08 22:03:31.481 +08:00] [INFO] [etcd.go:364] [&#34;closing etcd server&#34;] [name=etcd1] [data-dir=/var/folders/48/srz2qmvs4c5glzpb5t53dp5m0000gn/T/check-2172396527902487783/0] [advertise-peer-urls=&#34;[http://127.0.0.1:8362]&#34;] [advertise-client-urls=&#34;[http://127.0.0.1:8361]&#34;]&#xA;[2021/11/08 22:03:31.483 +08:00] [WARN] [grpclog.go:66] [&#34;transport: http2Server.HandleStreams failed to read frame: read tcp 127.0.0.1:8361-&gt;127.0.0.1:62497: use of closed network connection&#34;]&#xA;[2021/11/08 22:03:31.484 +08:00] [WARN] [server.go:1527] [&#34;leadership transfer failed&#34;] [local-member-id=632e01958d2f7b7c] [error=&#34;etcdserver: unhealthy cluster&#34;]&#xA;[2021/11/08 22:03:31.485 +08:00] [INFO] [peer.go:333] [&#34;stopping remote peer&#34;] [remote-peer-id=4d12bfe56d1b8cd0]&#xA;[2021/11/08 22:03:31.485 +08:00] [WARN] [stream.go:291] [&#34;closed TCP streaming connection with remote peer&#34;] [stream-writer-type=&#34;stream MsgApp v2&#34;] [remote-peer-id=4d12bfe56d1b8cd0]&#xA;[2021/11/08 22:03:31.485 +08:00] [WARN] [grpclog.go:42] [&#34;grpc: addrConn.createTransport failed to connect to {http://127.0.0.1:8361  &lt;nil&gt; 0 &lt;nil&gt;}. Err: connection error: desc = \&#34;transport: Error while dialing dial tcp 127.0.0.1:8361: connect: connection refused\&#34;. Reconnecting...&#34;]&#xA;[2021/11/08 22:03:31.485 +08:00] [WARN] [stream.go:301] [&#34;stopped TCP streaming connection with remote peer&#34;] [stream-writer-type=&#34;stream MsgApp v2&#34;] [remote-peer-id=4d12bfe56d1b8cd0]&#xA;[2021/11/08 22:03:31.485 +08:00] [WARN] [stream.go:291] [&#34;closed TCP streaming connection with remote peer&#34;] [stream-writer-type=&#34;stream Message&#34;] [remote-peer-id=4d12bfe56d1b8cd0]&#xA;[2021/11/08 22:03:31.485 +08:00] [WARN] [stream.go:301] [&#34;stopped TCP streaming connection with remote peer&#34;] [stream-writer-type=&#34;stream Message&#34;] [remote-peer-id=4d12bfe56d1b8cd0]&#xA;[2021/11/08 22:03:31.485 +08:00] [INFO] [pipeline.go:86] [&#34;stopped HTTP pipelining with remote peer&#34;] [local-member-id=632e01958d2f7b7c] [remote-peer-id=4d12bfe56d1b8cd0]&#xA;[2021/11/08 22:03:31.486 +08:00] [INFO] [stream.go:459] [&#34;stopped stream reader with remote peer&#34;] [stream-reader-type=&#34;stream MsgApp v2&#34;] [local-member-id=632e01958d2f7b7c] [remote-peer-id=4d12bfe56d1b8cd0]&#xA;[2021/11/08 22:03:31.486 +08:00] [INFO] [stream.go:459] [&#34;stopped stream reader with remote peer&#34;] [stream-reader-type=&#34;stream Message&#34;] [local-member-id=632e01958d2f7b7c] [remote-peer-id=4d12bfe56d1b8cd0]&#xA;[2021/11/08 22:03:31.486 +08:00] [INFO] [peer.go:340] [&#34;stopped remote peer&#34;] [remote-peer-id=4d12bfe56d1b8cd0]&#xA;[2021/11/08 22:03:31.542 +08:00] [INFO] [etcd.go:559] [&#34;stopping serving peer traffic&#34;] [address=127.0.0.1:8362]&#xA;[2021/11/08 22:03:31.542 +08:00] [INFO] [etcd.go:566] [&#34;stopped serving peer traffic&#34;] [address=127.0.0.1:8362]&#xA;[2021/11/08 22:03:31.542 +08:00] [INFO] [etcd.go:368] [&#34;closed etcd server&#34;] [name=etcd1] [data-dir=/var/folders/48/srz2qmvs4c5glzpb5t53dp5m0000gn/T/check-2172396527902487783/0] [advertise-peer-urls=&#34;[http://127.0.0.1:8362]&#34;] [advertise-client-urls=&#34;[http://127.0.0.1:8361]&#34;]&#xA;[2021/11/08 22:03:31.542 +08:00] [INFO] [etcd.go:117] [&#34;configuring peer listeners&#34;] [listen-peer-urls=&#34;[http://127.0.0.1:8363,http://127.0.0.1:8364]&#34;]&#xA;[2021/11/08 22:03:31.543 +08:00] [INFO] [etcd.go:127] [&#34;configuring client listeners&#34;] [listen-client-urls=&#34;[http://127.0.0.1:8361,http://127.0.0.1:8362]&#34;]&#xA;[2021/11/08 22:03:31.543 +08:00] [INFO] [etcd.go:303] [&#34;starting an etcd server&#34;] [etcd-version=3.4.16] [git-sha=&#34;Not provided (use ./build instead of go build)&#34;] [go-version=go1.16.4] [go-os=darwin] [go-arch=amd64] [max-cpu-set=8] [max-cpu-available=8] [member-initialized=false] [name=etcd1] [data-dir=/var/folders/48/srz2qmvs4c5glzpb5t53dp5m0000gn/T/check-2172396527902487783/2] [wal-dir=] [wal-dir-dedicated=] [member-dir=/var/folders/48/srz2qmvs4c5glzpb5t53dp5m0000gn/T/check-2172396527902487783/2/member] [force-new-cluster=false] [heartbeat-interval=100ms] [election-timeout=1s] [initial-election-tick-advance=true] [snapshot-count=100000] [snapshot-catchup-entries=5000] [initial-advertise-peer-urls=&#34;[http://127.0.0.1:8363,http://127.0.0.1:8364]&#34;] [listen-peer-urls=&#34;[http://127.0.0.1:8363,http://127.0.0.1:8364]&#34;] [advertise-client-urls=&#34;[http://127.0.0.1:8361,http://127.0.0.1:8362]&#34;] [listen-client-urls=&#34;[http://127.0.0.1:8361,http://127.0.0.1:8362]&#34;] [listen-metrics-urls=&#34;[]&#34;] [cors=&#34;[*]&#34;] [host-whitelist=&#34;[*]&#34;] [initial-cluster=&#34;etcd1=http://127.0.0.1:8363,etcd1=http://127.0.0.1:8364&#34;] [initial-cluster-state=new] [initial-cluster-token=etcd-cluster] [quota-size-bytes=2147483648] [pre-vote=false] [initial-corrupt-check=false] [corrupt-check-time-interval=0s] [auto-compaction-mode=] [auto-compaction-retention=0s] [auto-compaction-interval=0s] [discovery-url=] [discovery-proxy=]&#xA;[2021/11/08 22:03:31.562 +08:00] [INFO] [backend.go:80] [&#34;opened backend db&#34;] [path=/var/folders/48/srz2qmvs4c5glzpb5t53dp5m0000gn/T/check-2172396527902487783/2/member/snap/db] [took=18.293042ms]&#xA;[2021/11/08 22:03:31.633 +08:00] [INFO] [raft.go:486] [&#34;starting local member&#34;] [local-member-id=9f097562c79909ce] [cluster-id=a09aa0d72f635021]&#xA;[2021/11/08 22:03:31.633 +08:00] [INFO] [raft.go:1530] [&#34;9f097562c79909ce switched to configuration voters=()&#34;]&#xA;[2021/11/08 22:03:31.633 +08:00] [INFO] [raft.go:700] [&#34;9f097562c79909ce became follower at term 0&#34;]&#xA;[2021/11/08 22:03:31.633 +08:00] [INFO] [raft.go:383] [&#34;newRaft 9f097562c79909ce [peers: [], term: 0, commit: 0, applied: 0, lastindex: 0, lastterm: 0]&#34;]&#xA;[2021/11/08 22:03:31.633 +08:00] [INFO] [raft.go:700] [&#34;9f097562c79909ce became follower at term 1&#34;]&#xA;[2021/11/08 22:03:31.634 +08:00] [INFO] [raft.go:1530] [&#34;9f097562c79909ce switched to configuration voters=(11459819793936878030)&#34;]&#xA;[2021/11/08 22:03:31.697 +08:00] [WARN] [store.go:1366] [&#34;simple token is not cryptographically signed&#34;]&#xA;[2021/11/08 22:03:31.810 +08:00] [INFO] [server.go:803] [&#34;starting etcd server&#34;] [local-member-id=9f097562c79909ce] [local-server-version=3.4.16] [cluster-version=to_be_decided]&#xA;[2021/11/08 22:03:31.810 +08:00] [INFO] [server.go:669] [&#34;started as single-node; fast-forwarding election ticks&#34;] [local-member-id=9f097562c79909ce] [forward-ticks=9] [forward-duration=900ms] [election-ticks=10] [election-timeout=1s]&#xA;[2021/11/08 22:03:31.811 +08:00] [INFO] [raft.go:1530] [&#34;9f097562c79909ce switched to configuration voters=(11459819793936878030)&#34;]&#xA;[2021/11/08 22:03:31.811 +08:00] [WARN] [metrics.go:213] [&#34;failed to get file descriptor usage&#34;] [error=&#34;cannot get FDUsage on darwin&#34;]&#xA;[2021/11/08 22:03:31.812 +08:00] [INFO] [cluster.go:392] [&#34;added member&#34;] [cluster-id=a09aa0d72f635021] [local-member-id=9f097562c79909ce] [added-peer-id=9f097562c79909ce] [added-peer-peer-urls=&#34;[http://127.0.0.1:8363,http://127.0.0.1:8364]&#34;]&#xA;[2021/11/08 22:03:31.819 +08:00] [INFO] [etcd.go:580] [&#34;serving peer traffic&#34;] [address=127.0.0.1:8363]&#xA;[2021/11/08 22:03:31.819 +08:00] [INFO] [etcd.go:580] [&#34;serving peer traffic&#34;] [address=127.0.0.1:8364]&#xA;[2021/11/08 22:03:31.819 +08:00] [INFO] [etcd.go:245] [&#34;now serving peer/client/metrics&#34;] [local-member-id=9f097562c79909ce] [initial-advertise-peer-urls=&#34;[http://127.0.0.1:8363,http://127.0.0.1:8364]&#34;] [listen-peer-urls=&#34;[http://127.0.0.1:8363,http://127.0.0.1:8364]&#34;] [advertise-client-urls=&#34;[http://127.0.0.1:8361,http://127.0.0.1:8362]&#34;] [listen-client-urls=&#34;[http://127.0.0.1:8361,http://127.0.0.1:8362]&#34;] [listen-metrics-urls=&#34;[]&#34;]&#xA;[2021/11/08 22:03:32.434 +08:00] [INFO] [raft.go:923] [&#34;9f097562c79909ce is starting a new election at term 1&#34;]&#xA;[2021/11/08 22:03:32.434 +08:00] [INFO] [raft.go:713] [&#34;9f097562c79909ce became candidate at term 2&#34;]&#xA;[2021/11/08 22:03:32.435 +08:00] [INFO] [raft.go:824] [&#34;9f097562c79909ce received MsgVoteResp from 9f097562c79909ce at term 2&#34;]&#xA;[2021/11/08 22:03:32.435 +08:00] [INFO] [raft.go:765] [&#34;9f097562c79909ce became leader at term 2&#34;]&#xA;[2021/11/08 22:03:32.435 +08:00] [INFO] [node.go:325] [&#34;raft.node: 9f097562c79909ce elected leader 9f097562c79909ce at term 2&#34;]&#xA;[2021/11/08 22:03:32.435 +08:00] [INFO] [server.go:2528] [&#34;setting up initial cluster version&#34;] [cluster-version=3.4]&#xA;[2021/11/08 22:03:32.435 +08:00] [INFO] [server.go:2037] [&#34;published local member to cluster through raft&#34;] [local-member-id=9f097562c79909ce] [local-member-attributes=&#34;{Name:etcd1 ClientURLs:[http://127.0.0.1:8361 http://127.0.0.1:8362]}&#34;] [request-path=/0/members/9f097562c79909ce/attributes] [cluster-id=a09aa0d72f635021] [publish-timeout=7s]&#xA;[2021/11/08 22:03:32.437 +08:00] [INFO] [serve.go:139] [&#34;serving client traffic insecurely; this is strongly discouraged!&#34;] [address=127.0.0.1:8362]&#xA;[2021/11/08 22:03:32.437 +08:00] [INFO] [serve.go:139] [&#34;serving client traffic insecurely; this is strongly discouraged!&#34;] [address=127.0.0.1:8361]&#xA;[2021/11/08 22:03:32.456 +08:00] [INFO] [cluster.go:558] [&#34;set initial cluster version&#34;] [cluster-id=a09aa0d72f635021] [local-member-id=9f097562c79909ce] [cluster-version=3.4]&#xA;[2021/11/08 22:03:32.456 +08:00] [INFO] [server.go:2560] [&#34;cluster version is updated&#34;] [cluster-version=3.4]&#xA;[2021/11/08 22:03:32.473 +08:00] [INFO] [raft.go:1530] [&#34;9f097562c79909ce switched to configuration voters=(11459819793936878030 16723178906661269653)&#34;]&#xA;[2021/11/08 22:03:32.527 +08:00] [INFO] [cluster.go:392] [&#34;added member&#34;] [cluster-id=a09aa0d72f635021] [local-member-id=9f097562c79909ce] [added-peer-id=e814aa9cc6d9b095] [added-peer-peer-urls=&#34;[http://127.0.0.1:8367,http://127.0.0.1:8368]&#34;]&#xA;[2021/11/08 22:03:32.527 +08:00] [INFO] [peer.go:128] [&#34;starting remote peer&#34;] [remote-peer-id=e814aa9cc6d9b095]&#xA;[2021/11/08 22:03:32.528 +08:00] [INFO] [pipeline.go:71] [&#34;started HTTP pipelining with remote peer&#34;] [local-member-id=9f097562c79909ce] [remote-peer-id=e814aa9cc6d9b095]&#xA;[2021/11/08 22:03:32.528 +08:00] [INFO] [stream.go:166] [&#34;started stream writer with remote peer&#34;] [local-member-id=9f097562c79909ce] [remote-peer-id=e814aa9cc6d9b095]&#xA;[2021/11/08 22:03:32.528 +08:00] [INFO] [stream.go:166] [&#34;started stream writer with remote peer&#34;] [local-member-id=9f097562c79909ce] [remote-peer-id=e814aa9cc6d9b095]&#xA;[2021/11/08 22:03:32.528 +08:00] [INFO] [peer.go:134] [&#34;started remote peer&#34;] [remote-peer-id=e814aa9cc6d9b095]&#xA;[2021/11/08 22:03:32.528 +08:00] [INFO] [transport.go:327] [&#34;added remote peer&#34;] [local-member-id=9f097562c79909ce] [remote-peer-id=e814aa9cc6d9b095] [remote-peer-urls=&#34;[http://127.0.0.1:8367,http://127.0.0.1:8368]&#34;]&#xA;[2021/11/08 22:03:32.529 +08:00] [INFO] [stream.go:406] [&#34;started stream reader with remote peer&#34;] [stream-reader-type=&#34;stream MsgApp v2&#34;] [local-member-id=9f097562c79909ce] [remote-peer-id=e814aa9cc6d9b095]&#xA;[2021/11/08 22:03:32.529 +08:00] [INFO] [server.go:1965] [&#34;applied a configuration change through raft&#34;] [local-member-id=9f097562c79909ce] [raft-conf-change=ConfChangeAddNode] [raft-conf-change-node-id=e814aa9cc6d9b095]&#xA;[2021/11/08 22:03:32.529 +08:00] [INFO] [stream.go:406] [&#34;started stream reader with remote peer&#34;] [stream-reader-type=&#34;stream Message&#34;] [local-member-id=9f097562c79909ce] [remote-peer-id=e814aa9cc6d9b095]&#xA;[2021/11/08 22:03:32.529 +08:00] [INFO] [etcd.go:117] [&#34;configuring peer listeners&#34;] [listen-peer-urls=&#34;[http://127.0.0.1:8367,http://127.0.0.1:8368]&#34;]&#xA;[2021/11/08 22:03:32.529 +08:00] [INFO] [etcd.go:127] [&#34;configuring client listeners&#34;] [listen-client-urls=&#34;[http://127.0.0.1:8365,http://127.0.0.1:8366]&#34;]&#xA;[2021/11/08 22:03:32.530 +08:00] [INFO] [etcd.go:303] [&#34;starting an etcd server&#34;] [etcd-version=3.4.16] [git-sha=&#34;Not provided (use ./build instead of go build)&#34;] [go-version=go1.16.4] [go-os=darwin] [go-arch=amd64] [max-cpu-set=8] [max-cpu-available=8] [member-initialized=false] [name=etcd2] [data-dir=/var/folders/48/srz2qmvs4c5glzpb5t53dp5m0000gn/T/check-2172396527902487783/3] [wal-dir=] [wal-dir-dedicated=] [member-dir=/var/folders/48/srz2qmvs4c5glzpb5t53dp5m0000gn/T/check-2172396527902487783/3/member] [force-new-cluster=false] [heartbeat-interval=100ms] [election-timeout=1s] [initial-election-tick-advance=true] [snapshot-count=100000] [snapshot-catchup-entries=5000] [initial-advertise-peer-urls=&#34;[http://127.0.0.1:8367,http://127.0.0.1:8368]&#34;] [listen-peer-urls=&#34;[http://127.0.0.1:8367,http://127.0.0.1:8368]&#34;] [advertise-client-urls=&#34;[http://127.0.0.1:8365,http://127.0.0.1:8366]&#34;] [listen-client-urls=&#34;[http://127.0.0.1:8365,http://127.0.0.1:8366]&#34;] [listen-metrics-urls=&#34;[]&#34;] [cors=&#34;[*]&#34;] [host-whitelist=&#34;[*]&#34;] [initial-cluster=&#34;etcd1=http://127.0.0.1:8363,etcd1=http://127.0.0.1:8364,etcd2=http://127.0.0.1:8367,etcd2=http://127.0.0.1:8368&#34;] [initial-cluster-state=existing] [initial-cluster-token=etcd-cluster] [quota-size-bytes=2147483648] [pre-vote=false] [initial-corrupt-check=false] [corrupt-check-time-interval=0s] [auto-compaction-mode=] [auto-compaction-retention=0s] [auto-compaction-interval=0s] [discovery-url=] [discovery-proxy=]&#xA;[2021/11/08 22:03:32.548 +08:00] [INFO] [backend.go:80] [&#34;opened backend db&#34;] [path=/var/folders/48/srz2qmvs4c5glzpb5t53dp5m0000gn/T/check-2172396527902487783/3/member/snap/db] [took=17.87475ms]&#xA;[2021/11/08 22:03:32.625 +08:00] [INFO] [raft.go:486] [&#34;starting local member&#34;] [local-member-id=e814aa9cc6d9b095] [cluster-id=a09aa0d72f635021]&#xA;[2021/11/08 22:03:32.625 +08:00] [INFO] [raft.go:1530] [&#34;e814aa9cc6d9b095 switched to configuration voters=()&#34;]&#xA;[2021/11/08 22:03:32.625 +08:00] [INFO] [raft.go:700] [&#34;e814aa9cc6d9b095 became follower at term 0&#34;]&#xA;[2021/11/08 22:03:32.625 +08:00] [INFO] [raft.go:383] [&#34;newRaft e814aa9cc6d9b095 [peers: [], term: 0, commit: 0, applied: 0, lastindex: 0, lastterm: 0]&#34;]&#xA;[2021/11/08 22:03:32.720 +08:00] [WARN] [store.go:1366] [&#34;simple token is not cryptographically signed&#34;]&#xA;[2021/11/08 22:03:32.836 +08:00] [INFO] [pipeline.go:71] [&#34;started HTTP pipelining with remote peer&#34;] [local-member-id=e814aa9cc6d9b095] [remote-peer-id=9f097562c79909ce]&#xA;[2021/11/08 22:03:32.836 +08:00] [INFO] [transport.go:294] [&#34;added new remote peer&#34;] [local-member-id=e814aa9cc6d9b095] [remote-peer-id=9f097562c79909ce] [remote-peer-urls=&#34;[http://127.0.0.1:8363,http://127.0.0.1:8364]&#34;]&#xA;[2021/11/08 22:03:32.836 +08:00] [INFO] [peer.go:128] [&#34;starting remote peer&#34;] [remote-peer-id=9f097562c79909ce]&#xA;[2021/11/08 22:03:32.836 +08:00] [INFO] [pipeline.go:71] [&#34;started HTTP pipelining with remote peer&#34;] [local-member-id=e814aa9cc6d9b095] [remote-peer-id=9f097562c79909ce]&#xA;[2021/11/08 22:03:32.837 +08:00] [INFO] [stream.go:166] [&#34;started stream writer with remote peer&#34;] [local-member-id=e814aa9cc6d9b095] [remote-peer-id=9f097562c79909ce]&#xA;[2021/11/08 22:03:32.837 +08:00] [INFO] [stream.go:166] [&#34;started stream writer with remote peer&#34;] [local-member-id=e814aa9cc6d9b095] [remote-peer-id=9f097562c79909ce]&#xA;[2021/11/08 22:03:32.838 +08:00] [INFO] [peer.go:134] [&#34;started remote peer&#34;] [remote-peer-id=9f097562c79909ce]&#xA;[2021/11/08 22:03:32.838 +08:00] [INFO] [stream.go:406] [&#34;started stream reader with remote peer&#34;] [stream-reader-type=&#34;stream MsgApp v2&#34;] [local-member-id=e814aa9cc6d9b095] [remote-peer-id=9f097562c79909ce]&#xA;[2021/11/08 22:03:32.838 +08:00] [INFO] [stream.go:406] [&#34;started stream reader with remote peer&#34;] [stream-reader-type=&#34;stream Message&#34;] [local-member-id=e814aa9cc6d9b095] [remote-peer-id=9f097562c79909ce]&#xA;[2021/11/08 22:03:32.838 +08:00] [INFO] [transport.go:327] [&#34;added remote peer&#34;] [local-member-id=e814aa9cc6d9b095] [remote-peer-id=9f097562c79909ce] [remote-peer-urls=&#34;[http://127.0.0.1:8363,http://127.0.0.1:8364]&#34;]&#xA;[2021/11/08 22:03:32.838 +08:00] [INFO] [server.go:803] [&#34;starting etcd server&#34;] [local-member-id=e814aa9cc6d9b095] [local-server-version=3.4.16] [cluster-version=to_be_decided]&#xA;[2021/11/08 22:03:32.838 +08:00] [INFO] [server.go:691] [&#34;starting initial election tick advance&#34;] [election-ticks=10]&#xA;[2021/11/08 22:03:32.840 +08:00] [WARN] [metrics.go:213] [&#34;failed to get file descriptor usage&#34;] [error=&#34;cannot get FDUsage on darwin&#34;]&#xA;[2021/11/08 22:03:32.842 +08:00] [INFO] [stream.go:250] [&#34;set message encoder&#34;] [from=9f097562c79909ce] [to=9f097562c79909ce] [stream-type=&#34;stream Message&#34;]&#xA;[2021/11/08 22:03:32.842 +08:00] [INFO] [peer_status.go:51] [&#34;peer became active&#34;] [peer-id=e814aa9cc6d9b095]&#xA;[2021/11/08 22:03:32.842 +08:00] [INFO] [peer_status.go:51] [&#34;peer became active&#34;] [peer-id=9f097562c79909ce]&#xA;[2021/11/08 22:03:32.842 +08:00] [WARN] [stream.go:277] [&#34;established TCP streaming connection with remote peer&#34;] [stream-writer-type=&#34;stream Message&#34;] [local-member-id=9f097562c79909ce] [remote-peer-id=e814aa9cc6d9b095]&#xA;[2021/11/08 22:03:32.842 +08:00] [INFO] [stream.go:425] [&#34;established TCP streaming connection with remote peer&#34;] [stream-reader-type=&#34;stream Message&#34;] [local-member-id=e814aa9cc6d9b095] [remote-peer-id=9f097562c79909ce]&#xA;[2021/11/08 22:03:32.843 +08:00] [INFO] [stream.go:425] [&#34;established TCP streaming connection with remote peer&#34;] [stream-reader-type=&#34;stream MsgApp v2&#34;] [local-member-id=e814aa9cc6d9b095] [remote-peer-id=9f097562c79909ce]&#xA;[2021/11/08 22:03:32.843 +08:00] [INFO] [etcd.go:580] [&#34;serving peer traffic&#34;] [address=127.0.0.1:8367]&#xA;[2021/11/08 22:03:32.843 +08:00] [INFO] [etcd.go:580] [&#34;serving peer traffic&#34;] [address=127.0.0.1:8368]&#xA;[2021/11/08 22:03:32.843 +08:00] [INFO] [stream.go:250] [&#34;set message encoder&#34;] [from=9f097562c79909ce] [to=9f097562c79909ce] [stream-type=&#34;stream MsgApp v2&#34;]&#xA;[2021/11/08 22:03:32.843 +08:00] [WARN] [stream.go:277] [&#34;established TCP streaming connection with remote peer&#34;] [stream-writer-type=&#34;stream MsgApp v2&#34;] [local-member-id=9f097562c79909ce] [remote-peer-id=e814aa9cc6d9b095]&#xA;[2021/11/08 22:03:32.843 +08:00] [INFO] [etcd.go:245] [&#34;now serving peer/client/metrics&#34;] [local-member-id=e814aa9cc6d9b095] [initial-advertise-peer-urls=&#34;[http://127.0.0.1:8367,http://127.0.0.1:8368]&#34;] [listen-peer-urls=&#34;[http://127.0.0.1:8367,http://127.0.0.1:8368]&#34;] [advertise-client-urls=&#34;[http://127.0.0.1:8365,http://127.0.0.1:8366]&#34;] [listen-client-urls=&#34;[http://127.0.0.1:8365,http://127.0.0.1:8366]&#34;] [listen-metrics-urls=&#34;[]&#34;]&#xA;[2021/11/08 22:03:32.844 +08:00] [INFO] [raft.go:859] [&#34;e814aa9cc6d9b095 [term: 0] received a MsgHeartbeat message with higher term from 9f097562c79909ce [term: 2]&#34;]&#xA;[2021/11/08 22:03:32.844 +08:00] [INFO] [stream.go:425] [&#34;established TCP streaming connection with remote peer&#34;] [stream-reader-type=&#34;stream MsgApp v2&#34;] [local-member-id=9f097562c79909ce] [remote-peer-id=e814aa9cc6d9b095]&#xA;[2021/11/08 22:03:32.844 +08:00] [INFO] [raft.go:700] [&#34;e814aa9cc6d9b095 became follower at term 2&#34;]&#xA;[2021/11/08 22:03:32.844 +08:00] [INFO] [node.go:325] [&#34;raft.node: e814aa9cc6d9b095 elected leader 9f097562c79909ce at term 2&#34;]&#xA;[2021/11/08 22:03:32.844 +08:00] [INFO] [stream.go:250] [&#34;set message encoder&#34;] [from=e814aa9cc6d9b095] [to=e814aa9cc6d9b095] [stream-type=&#34;stream MsgApp v2&#34;]&#xA;[2021/11/08 22:03:32.844 +08:00] [WARN] [stream.go:277] [&#34;established TCP streaming connection with remote peer&#34;] [stream-writer-type=&#34;stream MsgApp v2&#34;] [local-member-id=e814aa9cc6d9b095] [remote-peer-id=9f097562c79909ce]&#xA;[2021/11/08 22:03:32.849 +08:00] [INFO] [stream.go:250] [&#34;set message encoder&#34;] [from=e814aa9cc6d9b095] [to=e814aa9cc6d9b095] [stream-type=&#34;stream Message&#34;]&#xA;[2021/11/08 22:03:32.849 +08:00] [WARN] [stream.go:277] [&#34;established TCP streaming connection with remote peer&#34;] [stream-writer-type=&#34;stream Message&#34;] [local-member-id=e814aa9cc6d9b095] [remote-peer-id=9f097562c79909ce]&#xA;[2021/11/08 22:03:32.849 +08:00] [INFO] [stream.go:425] [&#34;established TCP streaming connection with remote peer&#34;] [stream-reader-type=&#34;stream Message&#34;] [local-member-id=9f097562c79909ce] [remote-peer-id=e814aa9cc6d9b095]&#xA;[2021/11/08 22:03:32.882 +08:00] [INFO] [raft.go:1530] [&#34;e814aa9cc6d9b095 switched to configuration voters=(11459819793936878030)&#34;]&#xA;[2021/11/08 22:03:32.882 +08:00] [INFO] [cluster.go:392] [&#34;added member&#34;] [cluster-id=a09aa0d72f635021] [local-member-id=e814aa9cc6d9b095] [added-peer-id=9f097562c79909ce] [added-peer-peer-urls=&#34;[http://127.0.0.1:8363,http://127.0.0.1:8364]&#34;]&#xA;[2021/11/08 22:03:32.882 +08:00] [INFO] [cluster.go:558] [&#34;set initial cluster version&#34;] [cluster-id=a09aa0d72f635021] [local-member-id=e814aa9cc6d9b095] [cluster-version=3.4]&#xA;[2021/11/08 22:03:32.883 +08:00] [INFO] [raft.go:1530] [&#34;e814aa9cc6d9b095 switched to configuration voters=(11459819793936878030 16723178906661269653)&#34;]&#xA;[2021/11/08 22:03:32.883 +08:00] [INFO] [cluster.go:392] [&#34;added member&#34;] [cluster-id=a09aa0d72f635021] [local-member-id=e814aa9cc6d9b095] [added-peer-id=e814aa9cc6d9b095] [added-peer-peer-urls=&#34;[http://127.0.0.1:8367,http://127.0.0.1:8368]&#34;]&#xA;[2021/11/08 22:03:32.901 +08:00] [INFO] [server.go:2037] [&#34;published local member to cluster through raft&#34;] [local-member-id=e814aa9cc6d9b095] [local-member-attributes=&#34;{Name:etcd2 ClientURLs:[http://127.0.0.1:8365 http://127.0.0.1:8366]}&#34;] [request-path=/0/members/e814aa9cc6d9b095/attributes] [cluster-id=a09aa0d72f635021] [publish-timeout=7s]&#xA;[2021/11/08 22:03:32.902 +08:00] [INFO] [etcd.go:364] [&#34;closing etcd server&#34;] [name=etcd2] [data-dir=/var/folders/48/srz2qmvs4c5glzpb5t53dp5m0000gn/T/check-2172396527902487783/3] [advertise-peer-urls=&#34;[http://127.0.0.1:8367,http://127.0.0.1:8368]&#34;] [advertise-client-urls=&#34;[http://127.0.0.1:8365,http://127.0.0.1:8366]&#34;]&#xA;[2021/11/08 22:03:32.903 +08:00] [INFO] [serve.go:139] [&#34;serving client traffic insecurely; this is strongly discouraged!&#34;] [address=127.0.0.1:8365]&#xA;[2021/11/08 22:03:32.903 +08:00] [INFO] [serve.go:139] [&#34;serving client traffic insecurely; this is strongly discouraged!&#34;] [address=127.0.0.1:8366]&#xA;[2021/11/08 22:03:32.903 +08:00] [INFO] [server.go:1472] [&#34;skipped leadership transfer; local server is not leader&#34;] [local-member-id=e814aa9cc6d9b095] [current-leader-member-id=9f097562c79909ce]&#xA;[2021/11/08 22:03:32.904 +08:00] [INFO] [pipeline.go:86] [&#34;stopped HTTP pipelining with remote peer&#34;] [local-member-id=e814aa9cc6d9b095] [remote-peer-id=9f097562c79909ce]&#xA;[2021/11/08 22:03:32.904 +08:00] [INFO] [peer.go:333] [&#34;stopping remote peer&#34;] [remote-peer-id=9f097562c79909ce]&#xA;[2021/11/08 22:03:32.904 +08:00] [WARN] [stream.go:436] [&#34;lost TCP streaming connection with remote peer&#34;] [stream-reader-type=&#34;stream MsgApp v2&#34;] [local-member-id=9f097562c79909ce] [remote-peer-id=e814aa9cc6d9b095] [error=EOF]&#xA;[2021/11/08 22:03:32.904 +08:00] [WARN] [stream.go:291] [&#34;closed TCP streaming connection with remote peer&#34;] [stream-writer-type=&#34;stream MsgApp v2&#34;] [remote-peer-id=9f097562c79909ce]&#xA;[2021/11/08 22:03:32.904 +08:00] [WARN] [stream.go:301] [&#34;stopped TCP streaming connection with remote peer&#34;] [stream-writer-type=&#34;stream MsgApp v2&#34;] [remote-peer-id=9f097562c79909ce]&#xA;[2021/11/08 22:03:32.904 +08:00] [WARN] [stream.go:436] [&#34;lost TCP streaming connection with remote peer&#34;] [stream-reader-type=&#34;stream Message&#34;] [local-member-id=9f097562c79909ce] [remote-peer-id=e814aa9cc6d9b095] [error=EOF]&#xA;[2021/11/08 22:03:32.905 +08:00] [WARN] [stream.go:291] [&#34;closed TCP streaming connection with remote peer&#34;] [stream-writer-type=&#34;stream Message&#34;] [remote-peer-id=9f097562c79909ce]&#xA;[2021/11/08 22:03:32.905 +08:00] [WARN] [stream.go:301] [&#34;stopped TCP streaming connection with remote peer&#34;] [stream-writer-type=&#34;stream Message&#34;] [remote-peer-id=9f097562c79909ce]&#xA;[2021/11/08 22:03:32.905 +08:00] [INFO] [pipeline.go:86] [&#34;stopped HTTP pipelining with remote peer&#34;] [local-member-id=e814aa9cc6d9b095] [remote-peer-id=9f097562c79909ce]&#xA;[2021/11/08 22:03:32.905 +08:00] [WARN] [stream.go:436] [&#34;lost TCP streaming connection with remote peer&#34;] [stream-reader-type=&#34;stream MsgApp v2&#34;] [local-member-id=e814aa9cc6d9b095] [remote-peer-id=9f097562c79909ce] [error=&#34;context canceled&#34;]&#xA;[2021/11/08 22:03:32.905 +08:00] [WARN] [peer_status.go:68] [&#34;peer became inactive (message send to peer failed)&#34;] [peer-id=9f097562c79909ce] [error=&#34;failed to read 9f097562c79909ce on stream MsgApp v2 (context canceled)&#34;]&#xA;[2021/11/08 22:03:32.905 +08:00] [INFO] [stream.go:459] [&#34;stopped stream reader with remote peer&#34;] [stream-reader-type=&#34;stream MsgApp v2&#34;] [local-member-id=e814aa9cc6d9b095] [remote-peer-id=9f097562c79909ce]&#xA;[2021/11/08 22:03:32.905 +08:00] [WARN] [stream.go:436] [&#34;lost TCP streaming connection with remote peer&#34;] [stream-reader-type=&#34;stream Message&#34;] [local-member-id=e814aa9cc6d9b095] [remote-peer-id=9f097562c79909ce] [error=&#34;context canceled&#34;]&#xA;[2021/11/08 22:03:32.905 +08:00] [INFO] [stream.go:459] [&#34;stopped stream reader with remote peer&#34;] [stream-reader-type=&#34;stream Message&#34;] [local-member-id=e814aa9cc6d9b095] [remote-peer-id=9f097562c79909ce]&#xA;[2021/11/08 22:03:32.906 +08:00] [INFO] [peer.go:340] [&#34;stopped remote peer&#34;] [remote-peer-id=9f097562c79909ce]&#xA;[2021/11/08 22:03:32.906 +08:00] [WARN] [http.go:448] [&#34;failed to find remote peer in cluster&#34;] [local-member-id=e814aa9cc6d9b095] [remote-peer-id-stream-handler=e814aa9cc6d9b095] [remote-peer-id-from=9f097562c79909ce] [cluster-id=a09aa0d72f635021]&#xA;[2021/11/08 22:03:32.906 +08:00] [WARN] [peer_status.go:68] [&#34;peer became inactive (message send to peer failed)&#34;] [peer-id=e814aa9cc6d9b095] [error=&#34;failed to dial e814aa9cc6d9b095 on stream MsgApp v2 (peer e814aa9cc6d9b095 failed to find local node 9f097562c79909ce)&#34;]&#xA;[2021/11/08 22:03:32.906 +08:00] [WARN] [http.go:448] [&#34;failed to find remote peer in cluster&#34;] [local-member-id=e814aa9cc6d9b095] [remote-peer-id-stream-handler=e814aa9cc6d9b095] [remote-peer-id-from=9f097562c79909ce] [cluster-id=a09aa0d72f635021]&#xA;[2021/11/08 22:03:32.963 +08:00] [INFO] [etcd.go:559] [&#34;stopping serving peer traffic&#34;] [address=127.0.0.1:8367]&#xA;[2021/11/08 22:03:32.963 +08:00] [INFO] [etcd.go:566] [&#34;stopped serving peer traffic&#34;] [address=127.0.0.1:8367]&#xA;[2021/11/08 22:03:32.963 +08:00] [INFO] [etcd.go:559] [&#34;stopping serving peer traffic&#34;] [address=127.0.0.1:8368]&#xA;[2021/11/08 22:03:32.964 +08:00] [INFO] [etcd.go:566] [&#34;stopped serving peer traffic&#34;] [address=127.0.0.1:8368]&#xA;[2021/11/08 22:03:32.964 +08:00] [INFO] [etcd.go:368] [&#34;closed etcd server&#34;] [name=etcd2] [data-dir=/var/folders/48/srz2qmvs4c5glzpb5t53dp5m0000gn/T/check-2172396527902487783/3] [advertise-peer-urls=&#34;[http://127.0.0.1:8367,http://127.0.0.1:8368]&#34;] [advertise-client-urls=&#34;[http://127.0.0.1:8365,http://127.0.0.1:8366]&#34;]&#xA;[2021/11/08 22:03:32.964 +08:00] [INFO] [etcd.go:364] [&#34;closing etcd server&#34;] [name=etcd1] [data-dir=/var/folders/48/srz2qmvs4c5glzpb5t53dp5m0000gn/T/check-2172396527902487783/2] [advertise-peer-urls=&#34;[http://127.0.0.1:8363,http://127.0.0.1:8364]&#34;] [advertise-client-urls=&#34;[http://127.0.0.1:8361,http://127.0.0.1:8362]&#34;]&#xA;[2021/11/08 22:03:32.964 +08:00] [WARN] [grpclog.go:66] [&#34;transport: http2Server.HandleStreams failed to read frame: read tcp 127.0.0.1:8361-&gt;127.0.0.1:62517: use of closed network connection&#34;]&#xA;[2021/11/08 22:03:32.964 +08:00] [WARN] [grpclog.go:66] [&#34;transport: http2Server.HandleStreams failed to read frame: read tcp 127.0.0.1:8361-&gt;127.0.0.1:62519: use of closed network connection&#34;]&#xA;[2021/11/08 22:03:32.964 +08:00] [WARN] [grpclog.go:66] [&#34;transport: http2Server.HandleStreams failed to read frame: read tcp 127.0.0.1:8362-&gt;127.0.0.1:62518: use
[...]
27.0.0.1:8363-&gt;127.0.0.1:62544: use of closed network connection&#34;]&#xA;[2021/11/08 22:03:34.081 +08:00] [WARN] [grpclog.go:42] [&#34;grpc: addrConn.createTransport failed to connect to {http://127.0.0.1:8363  &lt;nil&gt; 0 &lt;nil&gt;}. Err: connection error: desc = \&#34;transport: Error while dialing dial tcp 127.0.0.1:8363: connect: connection refused\&#34;. Reconnecting...&#34;]&#xA;[2021/11/08 22:03:34.081 +08:00] [WARN] [grpclog.go:66] [&#34;transport: http2Server.HandleStreams failed to read frame: read tcp 127.0.0.1:8361-&gt;127.0.0.1:62559: use of closed network connection&#34;]&#xA;[2021/11/08 22:03:34.081 +08:00] [WARN] [server.go:1527] [&#34;leadership transfer failed&#34;] [local-member-id=a4c7d62306d1a0a4] [error=&#34;etcdserver: unhealthy cluster&#34;]&#xA;[2021/11/08 22:03:34.081 +08:00] [WARN] [grpclog.go:66] [&#34;transport: http2Server.HandleStreams failed to read frame: read tcp 127.0.0.1:8362-&gt;127.0.0.1:62543: use of closed network connection&#34;]&#xA;[2021/11/08 22:03:34.081 +08:00] [WARN] [grpclog.go:66] [&#34;transport: http2Server.HandleStreams failed to read frame: read tcp 127.0.0.1:8362-&gt;127.0.0.1:62558: use of closed network connection&#34;]&#xA;[2021/11/08 22:03:34.082 +08:00] [WARN] [grpclog.go:42] [&#34;grpc: addrConn.createTransport failed to connect to {http://127.0.0.1:8362  &lt;nil&gt; 0 &lt;nil&gt;}. Err: connection error: desc = \&#34;transport: Error while dialing dial tcp 127.0.0.1:8362: connect: connection refused\&#34;. Reconnecting...&#34;]&#xA;[2021/11/08 22:03:34.082 +08:00] [WARN] [grpclog.go:42] [&#34;grpc: addrConn.createTransport failed to connect to {http://127.0.0.1:8362  &lt;nil&gt; 0 &lt;nil&gt;}. Err: connection error: desc = \&#34;transport: Error while dialing dial tcp 127.0.0.1:8362: connect: connection refused\&#34;. Reconnecting...&#34;]&#xA;[2021/11/08 22:03:34.082 +08:00] [WARN] [grpclog.go:42] [&#34;grpc: addrConn.createTransport failed to connect to {http://127.0.0.1:8361  &lt;nil&gt; 0 &lt;nil&gt;}. Err: connection error: desc = \&#34;transport: Error while dialing dial tcp 127.0.0.1:8361: connect: connection refused\&#34;. Reconnecting...&#34;]&#xA;[2021/11/08 22:03:34.082 +08:00] [WARN] [grpclog.go:42] [&#34;grpc: addrConn.createTransport failed to connect to {http://127.0.0.1:8361  &lt;nil&gt; 0 &lt;nil&gt;}. Err: connection error: desc = \&#34;transport: Error while dialing dial tcp 127.0.0.1:8361: connect: connection refused\&#34;. Reconnecting...&#34;]&#xA;[2021/11/08 22:03:34.082 +08:00] [WARN] [grpclog.go:66] [&#34;transport: http2Server.HandleStreams failed to read frame: read tcp 127.0.0.1:8361-&gt;127.0.0.1:62560: use of closed network connection&#34;]&#xA;[2021/11/08 22:03:34.083 +08:00] [WARN] [grpclog.go:42] [&#34;grpc: addrConn.createTransport failed to connect to {http://127.0.0.1:8361  &lt;nil&gt; 0 &lt;nil&gt;}. Err: connection error: desc = \&#34;transport: Error while dialing dial tcp 127.0.0.1:8361: connect: connection refused\&#34;. Reconnecting...&#34;]&#xA;[2021/11/08 22:03:34.083 +08:00] [INFO] [peer.go:333] [&#34;stopping remote peer&#34;] [remote-peer-id=b926ab5fefcb21f6]&#xA;[2021/11/08 22:03:34.083 +08:00] [WARN] [stream.go:291] [&#34;closed TCP streaming connection with remote peer&#34;] [stream-writer-type=&#34;stream MsgApp v2&#34;] [remote-peer-id=b926ab5fefcb21f6]&#xA;[2021/11/08 22:03:34.084 +08:00] [WARN] [stream.go:301] [&#34;stopped TCP streaming connection with remote peer&#34;] [stream-writer-type=&#34;stream MsgApp v2&#34;] [remote-peer-id=b926ab5fefcb21f6]&#xA;[2021/11/08 22:03:34.086 +08:00] [WARN] [stream.go:291] [&#34;closed TCP streaming connection with remote peer&#34;] [stream-writer-type=&#34;stream Message&#34;] [remote-peer-id=b926ab5fefcb21f6]&#xA;[2021/11/08 22:03:34.086 +08:00] [WARN] [stream.go:301] [&#34;stopped TCP streaming connection with remote peer&#34;] [stream-writer-type=&#34;stream Message&#34;] [remote-peer-id=b926ab5fefcb21f6]&#xA;[2021/11/08 22:03:34.086 +08:00] [INFO] [pipeline.go:86] [&#34;stopped HTTP pipelining with remote peer&#34;] [local-member-id=a4c7d62306d1a0a4] [remote-peer-id=b926ab5fefcb21f6]&#xA;[2021/11/08 22:03:34.086 +08:00] [INFO] [stream.go:459] [&#34;stopped stream reader with remote peer&#34;] [stream-reader-type=&#34;stream MsgApp v2&#34;] [local-member-id=a4c7d62306d1a0a4] [remote-peer-id=b926ab5fefcb21f6]&#xA;[2021/11/08 22:03:34.086 +08:00] [INFO] [stream.go:459] [&#34;stopped stream reader with remote peer&#34;] [stream-reader-type=&#34;stream Message&#34;] [local-member-id=a4c7d62306d1a0a4] [remote-peer-id=b926ab5fefcb21f6]&#xA;[2021/11/08 22:03:34.086 +08:00] [INFO] [peer.go:340] [&#34;stopped remote peer&#34;] [remote-peer-id=b926ab5fefcb21f6]&#xA;[2021/11/08 22:03:34.160 +08:00] [INFO] [etcd.go:559] [&#34;stopping serving peer traffic&#34;] [address=127.0.0.1:8364]&#xA;[2021/11/08 22:03:34.160 +08:00] [INFO] [etcd.go:566] [&#34;stopped serving peer traffic&#34;] [address=127.0.0.1:8364]&#xA;[2021/11/08 22:03:34.160 +08:00] [INFO] [etcd.go:559] [&#34;stopping serving peer traffic&#34;] [address=127.0.0.1:8365]&#xA;[2021/11/08 22:03:34.160 +08:00] [INFO] [etcd.go:566] [&#34;stopped serving peer traffic&#34;] [address=127.0.0.1:8365]&#xA;[2021/11/08 22:03:34.160 +08:00] [INFO] [etcd.go:559] [&#34;stopping serving peer traffic&#34;] [address=127.0.0.1:8366]&#xA;[2021/11/08 22:03:34.160 +08:00] [INFO] [etcd.go:566] [&#34;stopped serving peer traffic&#34;] [address=127.0.0.1:8366]&#xA;[2021/11/08 22:03:34.160 +08:00] [INFO] [etcd.go:368] [&#34;closed etcd server&#34;] [name=etcd1] [data-dir=/var/folders/48/srz2qmvs4c5glzpb5t53dp5m0000gn/T/check-2172396527902487783/4] [advertise-peer-urls=&#34;[http://127.0.0.1:8364,http://127.0.0.1:8365,http://127.0.0.1:8366]&#34;] [advertise-client-urls=&#34;[http://127.0.0.1:8361,http://127.0.0.1:8362,http://127.0.0.1:8363]&#34;]&#xA;[2021/11/08 22:03:35.082 +08:00] [WARN] [grpclog.go:42] [&#34;grpc: addrConn.createTransport failed to connect to {http://127.0.0.1:8363  &lt;nil&gt; 0 &lt;nil&gt;}. Err: connection error: desc = \&#34;transport: Error while dialing dial tcp 127.0.0.1:8363: connect: connection refused\&#34;. Reconnecting...&#34;]&#xA;[2021/11/08 22:03:35.083 +08:00] [WARN] [grpclog.go:42] [&#34;grpc: addrConn.createTransport failed to connect to {http://127.0.0.1:8361  &lt;nil&gt; 0 &lt;nil&gt;}. Err: connection error: desc = \&#34;transport: Error while dialing dial tcp 127.0.0.1:8361: connect: connection refused\&#34;. Reconnecting...&#34;]&#xA;[2021/11/08 22:03:35.083 +08:00] [WARN] [grpclog.go:42] [&#34;grpc: addrConn.createTransport failed to connect to {http://127.0.0.1:8361  &lt;nil&gt; 0 &lt;nil&gt;}. Err: connection error: desc = \&#34;transport: Error while dialing dial tcp 127.0.0.1:8361: connect: connection refused\&#34;. Reconnecting...&#34;]&#xA;[2021/11/08 22:03:35.083 +08:00] [WARN] [grpclog.go:42] [&#34;grpc: addrConn.createTransport failed to connect to {http://127.0.0.1:8362  &lt;nil&gt; 0 &lt;nil&gt;}. Err: connection error: desc = \&#34;transport: Error while dialing dial tcp 127.0.0.1:8362: connect: connection refused\&#34;. Reconnecting...&#34;]&#xA;[2021/11/08 22:03:35.083 +08:00] [WARN] [grpclog.go:42] [&#34;grpc: addrConn.createTransport failed to connect to {http://127.0.0.1:8361  &lt;nil&gt; 0 &lt;nil&gt;}. Err: connection error: desc = \&#34;transport: Error while dialing dial tcp 127.0.0.1:8361: connect: connection refused\&#34;. Reconnecting...&#34;]&#xA;[2021/11/08 22:03:35.084 +08:00] [WARN] [grpclog.go:42] [&#34;grpc: addrConn.createTransport failed to connect to {http://127.0.0.1:8362  &lt;nil&gt; 0 &lt;nil&gt;}. Err: connection error: desc = \&#34;transport: Error while dialing dial tcp 127.0.0.1:8362: connect: connection refused\&#34;. Reconnecting...&#34;]&#xA;{&#34;level&#34;:&#34;warn&#34;,&#34;ts&#34;:&#34;2021-11-08T22:03:35.566+0800&#34;,&#34;caller&#34;:&#34;clientv3/retry_interceptor.go:62&#34;,&#34;msg&#34;:&#34;retrying of unary invoker failed&#34;,&#34;target&#34;:&#34;endpoint://client-ebdc9865-8338-4d13-8374-ec55e3542d7c/localhost:39453556535361118920&#34;,&#34;attempt&#34;:0,&#34;error&#34;:&#34;rpc error: code = Unavailable desc = etcdserver: server stopped&#34;}&#xA;&#xA;----------------------------------------------------------------------&#xA;FAIL: etcdutil_test.go:123: testEtcdUtilSuite.TestEtcdUtil&#xA;&#xA;etcdutil_test.go:128:&#xA;    t.testRemoveMember(c)&#xA;etcdutil_test.go:191:&#xA;    c.Assert(err, IsNil)&#xA;... value rpctypes.EtcdError = rpctypes.EtcdError{code:0xe, desc:&#34;etcdserver: server stopped&#34;} (&#34;etcdserver: server stopped&#34;)&#xA;&#xA;OOPS: 1 passed, 1 FAILED&#xA;--- FAIL: TestSuite (5.92s)&#xA;</failure>
		</testcase>
	</testsuite>
	<testsuite tests="1" failures="0" time="0.000000" name="github.com/pingcap/ticdc/dm/pkg/func-rollback" timestamp="2021-11-08T21:58:47+08:00">
		<properties>
			<property name="go.version" value="go1.16.4 darwin/amd64"></property>
		</properties>
		<testcase classname="github.com/pingcap/ticdc/dm/pkg/func-rollback" name="TestSuite" time="0.000000"></testcase>
	</testsuite>
	<testsuite tests="1" failures="0" time="0.010000" name="github.com/pingcap/ticdc/dm/pkg/gtid" timestamp="2021-11-08T21:58:47+08:00">
		<properties>
			<property name="go.version" value="go1.16.4 darwin/amd64"></property>
		</properties>
		<testcase classname="github.com/pingcap/ticdc/dm/pkg/gtid" name="TestSuite" time="0.010000"></testcase>
	</testsuite>
	<testsuite tests="1" failures="0" time="28.500000" name="github.com/pingcap/ticdc/dm/pkg/ha" timestamp="2021-11-08T21:58:47+08:00">
		<properties>
			<property name="go.version" value="go1.16.4 darwin/amd64"></property>
		</properties>
		<testcase classname="github.com/pingcap/ticdc/dm/pkg/ha" name="TestHA" time="28.500000"></testcase>
	</testsuite>
	<testsuite tests="1" failures="0" time="0.000000" name="github.com/pingcap/ticdc/dm/pkg/helper" timestamp="2021-11-08T21:58:47+08:00">
		<properties>
			<property name="go.version" value="go1.16.4 darwin/amd64"></property>
		</properties>
		<testcase classname="github.com/pingcap/ticdc/dm/pkg/helper" name="TestSuite" time="0.000000"></testcase>
	</testsuite>
	<testsuite tests="1" failures="0" time="0.010000" name="github.com/pingcap/ticdc/dm/pkg/log" timestamp="2021-11-08T21:58:47+08:00">
		<properties>
			<property name="go.version" value="go1.16.4 darwin/amd64"></property>
		</properties>
		<testcase classname="github.com/pingcap/ticdc/dm/pkg/log" name="TestLog" time="0.010000"></testcase>
	</testsuite>
	<testsuite tests="1" failures="0" time="0.010000" name="github.com/pingcap/ticdc/dm/pkg/metricsproxy" timestamp="2021-11-08T21:58:47+08:00">
		<properties>
			<property name="go.version" value="go1.16.4 darwin/amd64"></property>
		</properties>
		<testcase classname="github.com/pingcap/ticdc/dm/pkg/metricsproxy" name="TestSuite" time="0.010000"></testcase>
	</testsuite>
	<testsuite tests="1" failures="0" time="0.020000" name="github.com/pingcap/ticdc/dm/pkg/parser" timestamp="2021-11-08T21:58:47+08:00">
		<properties>
			<property name="go.version" value="go1.16.4 darwin/amd64"></property>
		</properties>
		<testcase classname="github.com/pingcap/ticdc/dm/pkg/parser" name="TestSuite" time="0.020000"></testcase>
	</testsuite>
	<testsuite tests="0" failures="0" time="0.000000" name="github.com/pingcap/ticdc/dm/pkg/printinit" timestamp="2021-11-08T21:58:47+08:00">
		<properties>
			<property name="go.version" value="go1.16.4 darwin/amd64"></property>
		</properties>
	</testsuite>
	<testsuite tests="1" failures="0" time="7.040000" name="github.com/pingcap/ticdc/dm/pkg/retry" timestamp="2021-11-08T21:58:47+08:00">
		<properties>
			<property name="go.version" value="go1.16.4 darwin/amd64"></property>
		</properties>
		<testcase classname="github.com/pingcap/ticdc/dm/pkg/retry" name="TestSuite" time="7.040000"></testcase>
	</testsuite>
	<testsuite tests="1" failures="0" time="16.309000" name="github.com/pingcap/ticdc/dm/pkg/schema" timestamp="2021-11-08T21:58:47+08:00">
		<properties>
			<property name="go.version" value="go1.16.4 darwin/amd64"></property>
		</properties>
		<testcase classname="github.com/pingcap/ticdc/dm/pkg/schema" name="Test" time="16.309000"></testcase>
	</testsuite>
	<testsuite tests="3" failures="0" time="46.310000" name="github.com/pingcap/ticdc/dm/pkg/shardddl/optimism" timestamp="2021-11-08T21:58:47+08:00">
		<properties>
			<property name="go.version" value="go1.16.4 darwin/amd64"></property>
		</properties>
		<testcase classname="github.com/pingcap/ticdc/dm/pkg/shardddl/optimism" name="TestInfo" time="14.280000"></testcase>
		<testcase classname="github.com/pingcap/ticdc/dm/pkg/shardddl/optimism" name="TestKeeper" time="14.640000"></testcase>
		<testcase classname="github.com/pingcap/ticdc/dm/pkg/shardddl/optimism" name="TestLock" time="17.390000"></testcase>
	</testsuite>
	<testsuite tests="1" failures="0" time="3.610000" name="github.com/pingcap/ticdc/dm/pkg/shardddl/pessimism" timestamp="2021-11-08T21:58:47+08:00">
		<properties>
			<property name="go.version" value="go1.16.4 darwin/amd64"></property>
		</properties>
		<testcase classname="github.com/pingcap/ticdc/dm/pkg/shardddl/pessimism" name="TestInfo" time="3.610000"></testcase>
	</testsuite>
	<testsuite tests="0" failures="0" time="0.000000" name="github.com/pingcap/ticdc/dm/pkg/streamer" timestamp="2021-11-08T21:58:47+08:00">
		<properties>
			<property name="go.version" value="go1.16.4 darwin/amd64"></property>
		</properties>
	</testsuite>
	<testsuite tests="1" failures="0" time="0.010000" name="github.com/pingcap/ticdc/dm/pkg/terror" timestamp="2021-11-08T21:58:47+08:00">
		<properties>
			<property name="go.version" value="go1.16.4 darwin/amd64"></property>
		</properties>
		<testcase classname="github.com/pingcap/ticdc/dm/pkg/terror" name="TestT" time="0.010000"></testcase>
	</testsuite>
	<testsuite tests="1" failures="0" time="46.090000" name="github.com/pingcap/ticdc/dm/pkg/upgrade" timestamp="2021-11-08T21:58:47+08:00">
		<properties>
			<property name="go.version" value="go1.16.4 darwin/amd64"></property>
		</properties>
		<testcase classname="github.com/pingcap/ticdc/dm/pkg/upgrade" name="TestUpgrade" time="46.090000"></testcase>
	</testsuite>
	<testsuite tests="1" failures="0" time="0.450000" name="github.com/pingcap/ticdc/dm/pkg/utils" timestamp="2021-11-08T21:58:47+08:00">
		<properties>
			<property name="go.version" value="go1.16.4 darwin/amd64"></property>
		</properties>
		<testcase classname="github.com/pingcap/ticdc/dm/pkg/utils" name="TestSuite" time="0.450000"></testcase>
	</testsuite>
	<testsuite tests="1" failures="0" time="0.020000" name="github.com/pingcap/ticdc/dm/pkg/v1dbschema" timestamp="2021-11-08T21:58:47+08:00">
		<properties>
			<property name="go.version" value="go1.16.4 darwin/amd64"></property>
		</properties>
		<testcase classname="github.com/pingcap/ticdc/dm/pkg/v1dbschema" name="TestSuite" time="0.020000"></testcase>
	</testsuite>
	<testsuite tests="1" failures="0" time="0.560000" name="github.com/pingcap/ticdc/dm/pkg/v1workermeta" timestamp="2021-11-08T21:58:47+08:00">
		<properties>
			<property name="go.version" value="go1.16.4 darwin/amd64"></property>
		</properties>
		<testcase classname="github.com/pingcap/ticdc/dm/pkg/v1workermeta" name="TestSuite" time="0.560000"></testcase>
	</testsuite>
	<testsuite tests="7" failures="0" time="157.910000" name="github.com/pingcap/ticdc/dm/relay" timestamp="2021-11-08T21:58:47+08:00">
		<properties>
			<property name="go.version" value="go1.16.4 darwin/amd64"></property>
		</properties>
		<testcase classname="github.com/pingcap/ticdc/dm/relay" name="TestBinlogWriterSuite" time="22.650000"></testcase>
		<testcase classname="github.com/pingcap/ticdc/dm/relay" name="TestReader" time="22.490000"></testcase>
		<testcase classname="github.com/pingcap/ticdc/dm/relay" name="TestPurgerSuite" time="22.460000"></testcase>
		<testcase classname="github.com/pingcap/ticdc/dm/relay" name="TestSuite" time="22.540000"></testcase>
		<testcase classname="github.com/pingcap/ticdc/dm/relay" name="TestFileWriterSuite" time="22.570000"></testcase>
		<testcase classname="github.com/pingcap/ticdc/dm/relay" name="TestReaderRetrySuite" time="22.500000"></testcase>
		<testcase classname="github.com/pingcap/ticdc/dm/relay" name="TestRemoteReaderSuite" time="22.700000"></testcase>
	</testsuite>
	<testsuite tests="1" failures="0" time="0.010000" name="github.com/pingcap/ticdc/dm/relay/common" timestamp="2021-11-08T21:58:47+08:00">
		<properties>
			<property name="go.version" value="go1.16.4 darwin/amd64"></property>
		</properties>
		<testcase classname="github.com/pingcap/ticdc/dm/relay/common" name="TestSuite" time="0.010000"></testcase>
	</testsuite>
	<testsuite tests="1" failures="0" time="0.010000" name="github.com/pingcap/ticdc/dm/relay/transformer" timestamp="2021-11-08T21:58:47+08:00">
		<properties>
			<property name="go.version" value="go1.16.4 darwin/amd64"></property>
		</properties>
		<testcase classname="github.com/pingcap/ticdc/dm/relay/transformer" name="TestSuite" time="0.010000"></testcase>
	</testsuite>
	<testsuite tests="1" failures="0" time="94.230000" name="github.com/pingcap/ticdc/dm/syncer" timestamp="2021-11-08T21:58:47+08:00">
		<properties>
			<property name="go.version" value="go1.16.4 darwin/amd64"></property>
		</properties>
		<testcase classname="github.com/pingcap/ticdc/dm/syncer" name="TestSuite" time="94.230000"></testcase>
	</testsuite>
	<testsuite tests="0" failures="0" time="0.000000" name="github.com/pingcap/ticdc/dm/syncer/dbconn" timestamp="2021-11-08T21:58:47+08:00">
		<properties>
			<property name="go.version" value="go1.16.4 darwin/amd64"></property>
		</properties>
	</testsuite>
	<testsuite tests="1" failures="0" time="0.010000" name="github.com/pingcap/ticdc/dm/syncer/err-operator" timestamp="2021-11-08T21:58:47+08:00">
		<properties>
			<property name="go.version" value="go1.16.4 darwin/amd64"></property>
		</properties>
		<testcase classname="github.com/pingcap/ticdc/dm/syncer/err-operator" name="TestSuite" time="0.010000"></testcase>
	</testsuite>
	<testsuite tests="0" failures="0" time="0.000000" name="github.com/pingcap/ticdc/dm/syncer/metrics" timestamp="2021-11-08T21:58:47+08:00">
		<properties>
			<property name="go.version" value="go1.16.4 darwin/amd64"></property>
		</properties>
	</testsuite>
	<testsuite tests="0" failures="0" time="0.000000" name="github.com/pingcap/ticdc/dm/syncer/online-ddl-tools" timestamp="2021-11-08T21:58:47+08:00">
		<properties>
			<property name="go.version" value="go1.16.4 darwin/amd64"></property>
		</properties>
	</testsuite>
	<testsuite tests="1" failures="0" time="0.000000" name="github.com/pingcap/ticdc/dm/syncer/safe-mode" timestamp="2021-11-08T21:58:47+08:00">
		<properties>
			<property name="go.version" value="go1.16.4 darwin/amd64"></property>
		</properties>
		<testcase classname="github.com/pingcap/ticdc/dm/syncer/safe-mode" name="TestSuite" time="0.000000"></testcase>
	</testsuite>
	<testsuite tests="1" failures="0" time="2.950000" name="github.com/pingcap/ticdc/dm/syncer/shardddl" timestamp="2021-11-08T21:58:47+08:00">
		<properties>
			<property name="go.version" value="go1.16.4 darwin/amd64"></property>
		</properties>
		<testcase classname="github.com/pingcap/ticdc/dm/syncer/shardddl" name="TestShardDDL" time="2.950000"></testcase>
	</testsuite>
	<testsuite tests="1" failures="0" time="0.010000" name="github.com/pingcap/ticdc/dm/syncer/sharding-meta" timestamp="2021-11-08T21:58:47+08:00">
		<properties>
			<property name="go.version" value="go1.16.4 darwin/amd64"></property>
		</properties>
		<testcase classname="github.com/pingcap/ticdc/dm/syncer/sharding-meta" name="TestSuite" time="0.010000"></testcase>
	</testsuite>
	<testsuite tests="0" failures="0" time="0.000000" name="github.com/pingcap/ticdc/dm/tests/utils" timestamp="2021-11-08T21:58:47+08:00">
		<properties>
			<property name="go.version" value="go1.16.4 darwin/amd64"></property>
		</properties>
	</testsuite>
</testsuites>